<?xml version="1.0" encoding="UTF-8"?>
<testsuite name="com.tieto.weather.client.WeatherUndergroundClientTest" tests="5" skipped="0" failures="0" errors="0" timestamp="2015-08-10T05:09:41" hostname="Pantera" time="0.292">
  <properties/>
  <testcase name="testGetWeatherStrangeCity" classname="com.tieto.weather.client.WeatherUndergroundClientTest" time="0.273"/>
  <testcase name="testGetWeatherNoContent" classname="com.tieto.weather.client.WeatherUndergroundClientTest" time="0.002"/>
  <testcase name="testGetWeatherNormal" classname="com.tieto.weather.client.WeatherUndergroundClientTest" time="0.006"/>
  <testcase name="testGetWeatherServerError" classname="com.tieto.weather.client.WeatherUndergroundClientTest" time="0.005"/>
  <testcase name="testGetWeatherBadCity" classname="com.tieto.weather.client.WeatherUndergroundClientTest" time="0.002"/>
  <system-out><![CDATA[08:09:37.847 [Test worker] DEBUG o.s.t.c.j.SpringJUnit4ClassRunner - SpringJUnit4ClassRunner constructor called with [class com.tieto.weather.client.WeatherUndergroundClientTest].
08:09:37.864 [Test worker] DEBUG o.s.test.context.BootstrapUtils - Instantiating CacheAwareContextLoaderDelegate from class [org.springframework.test.context.cache.DefaultCacheAwareContextLoaderDelegate]
08:09:37.869 [Test worker] DEBUG o.s.test.context.BootstrapUtils - Instantiating BootstrapContext using constructor [public org.springframework.test.context.support.DefaultBootstrapContext(java.lang.Class,org.springframework.test.context.CacheAwareContextLoaderDelegate)]
08:09:37.877 [Test worker] DEBUG o.s.test.context.BootstrapUtils - Instantiating TestContextBootstrapper for test class [com.tieto.weather.client.WeatherUndergroundClientTest] from class [org.springframework.test.context.support.DefaultTestContextBootstrapper]
08:09:37.892 [Test worker] DEBUG o.s.t.c.s.DefaultTestContextBootstrapper - Found explicit ContextLoader class [org.springframework.boot.test.SpringApplicationContextLoader] for context configuration attributes [ContextConfigurationAttributes@2da96e9e declaringClass = 'com.tieto.weather.WeatherBaseTest', classes = '{class com.tieto.weather.WeatherApplication}', locations = '{}', inheritLocations = true, initializers = '{}', inheritInitializers = true, name = [null], contextLoaderClass = 'org.springframework.boot.test.SpringApplicationContextLoader']
08:09:37.898 [Test worker] DEBUG o.s.t.c.support.ActiveProfilesUtils - Could not find an 'annotation declaring class' for annotation type [org.springframework.test.context.ActiveProfiles] and class [com.tieto.weather.client.WeatherUndergroundClientTest]
08:09:37.901 [Test worker] DEBUG o.s.t.c.s.DefaultTestContextBootstrapper - @TestExecutionListeners is not present for class [com.tieto.weather.client.WeatherUndergroundClientTest]: using defaults.
08:09:37.909 [Test worker] INFO  o.s.t.c.s.DefaultTestContextBootstrapper - Loaded default TestExecutionListener class names from location [META-INF/spring.factories]: [org.springframework.test.context.web.ServletTestExecutionListener, org.springframework.test.context.support.DependencyInjectionTestExecutionListener, org.springframework.test.context.support.DirtiesContextTestExecutionListener, org.springframework.test.context.transaction.TransactionalTestExecutionListener, org.springframework.test.context.jdbc.SqlScriptsTestExecutionListener]
08:09:37.928 [Test worker] INFO  o.s.t.c.s.DefaultTestContextBootstrapper - Using TestExecutionListeners: [org.springframework.test.context.web.ServletTestExecutionListener@135bdd64, org.springframework.test.context.support.DependencyInjectionTestExecutionListener@3c67aa9, org.springframework.test.context.support.DirtiesContextTestExecutionListener@584f57c2, org.springframework.test.context.transaction.TransactionalTestExecutionListener@7faab307, org.springframework.test.context.jdbc.SqlScriptsTestExecutionListener@3257f16b]
08:09:37.931 [Test worker] DEBUG o.s.t.annotation.ProfileValueUtils - Retrieved @ProfileValueSourceConfiguration [null] for test class [com.tieto.weather.client.WeatherUndergroundClientTest]
08:09:37.931 [Test worker] DEBUG o.s.t.annotation.ProfileValueUtils - Retrieved ProfileValueSource type [class org.springframework.test.annotation.SystemProfileValueSource] for class [com.tieto.weather.client.WeatherUndergroundClientTest]
08:09:37.935 [Test worker] DEBUG o.s.t.annotation.ProfileValueUtils - Retrieved @ProfileValueSourceConfiguration [null] for test class [com.tieto.weather.client.WeatherUndergroundClientTest]
08:09:37.935 [Test worker] DEBUG o.s.t.annotation.ProfileValueUtils - Retrieved ProfileValueSource type [class org.springframework.test.annotation.SystemProfileValueSource] for class [com.tieto.weather.client.WeatherUndergroundClientTest]
08:09:37.937 [Test worker] DEBUG o.s.t.annotation.ProfileValueUtils - Retrieved @ProfileValueSourceConfiguration [null] for test class [com.tieto.weather.client.WeatherUndergroundClientTest]
08:09:37.937 [Test worker] DEBUG o.s.t.annotation.ProfileValueUtils - Retrieved ProfileValueSource type [class org.springframework.test.annotation.SystemProfileValueSource] for class [com.tieto.weather.client.WeatherUndergroundClientTest]
08:09:37.940 [Test worker] DEBUG o.s.t.c.s.DirtiesContextTestExecutionListener - Before test class: context [DefaultTestContext@60978ab0 testClass = WeatherUndergroundClientTest, testInstance = [null], testMethod = [null], testException = [null], mergedContextConfiguration = [MergedContextConfiguration@38937b09 testClass = WeatherUndergroundClientTest, locations = '{}', classes = '{class com.tieto.weather.WeatherApplication}', contextInitializerClasses = '[]', activeProfiles = '{}', propertySourceLocations = '{}', propertySourceProperties = '{}', contextLoader = 'org.springframework.boot.test.SpringApplicationContextLoader', parent = [null]]], class annotated with @DirtiesContext [true] with mode [AFTER_CLASS].
08:09:37.942 [Test worker] DEBUG o.s.t.annotation.ProfileValueUtils - Retrieved @ProfileValueSourceConfiguration [null] for test class [com.tieto.weather.client.WeatherUndergroundClientTest]
08:09:37.942 [Test worker] DEBUG o.s.t.annotation.ProfileValueUtils - Retrieved ProfileValueSource type [class org.springframework.test.annotation.SystemProfileValueSource] for class [com.tieto.weather.client.WeatherUndergroundClientTest]
08:09:37.945 [Test worker] DEBUG o.s.t.c.s.DependencyInjectionTestExecutionListener - Performing dependency injection for test context [[DefaultTestContext@60978ab0 testClass = WeatherUndergroundClientTest, testInstance = com.tieto.weather.client.WeatherUndergroundClientTest@2571f710, testMethod = [null], testException = [null], mergedContextConfiguration = [MergedContextConfiguration@38937b09 testClass = WeatherUndergroundClientTest, locations = '{}', classes = '{class com.tieto.weather.WeatherApplication}', contextInitializerClasses = '[]', activeProfiles = '{}', propertySourceLocations = '{}', propertySourceProperties = '{}', contextLoader = 'org.springframework.boot.test.SpringApplicationContextLoader', parent = [null]]]].
08:09:38.016 [Test worker] DEBUG o.s.core.env.StandardEnvironment - Adding [systemProperties] PropertySource with lowest search precedence
08:09:38.018 [Test worker] DEBUG o.s.core.env.StandardEnvironment - Adding [systemEnvironment] PropertySource with lowest search precedence
08:09:38.018 [Test worker] DEBUG o.s.core.env.StandardEnvironment - Initialized StandardEnvironment with PropertySources [systemProperties,systemEnvironment]
08:09:38.020 [Test worker] DEBUG o.s.core.env.StandardEnvironment - Adding [integrationTest] PropertySource with search precedence immediately lower than [systemEnvironment]

  .   ____          _            __ _ _
 /\\ / ___'_ __ _ _(_)_ __  __ _ \ \ \ \
( ( )\___ | '_ | '_| | '_ \/ _` | \ \ \ \
 \\/  ___)| |_)| | | | | || (_| |  ) ) ) )
  '  |____| .__|_| |_|_| |_\__, | / / / /
 =========|_|==============|___/=/_/_/_/
 :: Spring Boot ::             (v1.3.0.M2)

2015-08-10 08:09:38.239  INFO 5336 --- [    Test worker] c.t.w.c.WeatherUndergroundClientTest     : Starting WeatherUndergroundClientTest on Pantera with PID 5336 (D:\GitRepository\weather\build\classes\test started by Inspiron in D:\GitRepository\weather)
2015-08-10 08:09:38.274  INFO 5336 --- [    Test worker] s.c.a.AnnotationConfigApplicationContext : Refreshing org.springframework.context.annotation.AnnotationConfigApplicationContext@54dd2964: startup date [Mon Aug 10 08:09:38 EEST 2015]; root of context hierarchy
2015-08-10 08:09:39.522  INFO 5336 --- [    Test worker] trationDelegate$BeanPostProcessorChecker : Bean 'weatherSOAPConfiguration' of type [class com.tieto.weather.configuration.WeatherSOAPConfiguration$$EnhancerBySpringCGLIB$$626f1556] is not eligible for getting processed by all BeanPostProcessors (for example: not eligible for auto-proxying)
2015-08-10 08:09:39.530  INFO 5336 --- [    Test worker] trationDelegate$BeanPostProcessorChecker : Bean 'org.springframework.ws.config.annotation.DelegatingWsConfiguration' of type [class org.springframework.ws.config.annotation.DelegatingWsConfiguration$$EnhancerBySpringCGLIB$$b2849617] is not eligible for getting processed by all BeanPostProcessors (for example: not eligible for auto-proxying)
2015-08-10 08:09:39.569  INFO 5336 --- [    Test worker] .w.s.a.s.AnnotationActionEndpointMapping : Supporting [WS-Addressing August 2004, WS-Addressing 1.0]
2015-08-10 08:09:40.700  INFO 5336 --- [    Test worker] c.t.w.s.repository.WeatherCitiesImpl     : Initialize supported cities
2015-08-10 08:09:40.739  INFO 5336 --- [    Test worker] o.s.oxm.jaxb.Jaxb2Marshaller             : Creating JAXBContext with context path [com.tieto.weather.model.soap]
2015-08-10 08:09:40.806  INFO 5336 --- [    Test worker] o.s.ws.soap.saaj.SaajSoapMessageFactory  : Creating SAAJ 1.3 MessageFactory with SOAP 1.1 Protocol
2015-08-10 08:09:41.837  INFO 5336 --- [    Test worker] c.t.w.c.WeatherUndergroundClientTest     : Started WeatherUndergroundClientTest in 3.814 seconds (JVM running for 4.714)
2015-08-10 08:09:41.867  INFO 5336 --- [    Test worker] c.t.w.client.WeatherUndergroundClient    : Trying to get data from external source for city - London
2015-08-10 08:09:42.113 ERROR 5336 --- [    Test worker] c.t.w.client.WeatherUndergroundClient    : External response has no observation data
2015-08-10 08:09:42.116  INFO 5336 --- [    Test worker] c.t.w.tracker.WeatherTrackerAspect       : 'Advicing' LONDON city. Counting popularity.
2015-08-10 08:09:42.116  INFO 5336 --- [    Test worker] c.t.w.tracker.WeatherTrackerAspect       : Counting London popularity. Current count: 1. Left to become popular (if name is suitable, of course): 2
2015-08-10 08:09:42.118  INFO 5336 --- [    Test worker] c.t.w.client.WeatherUndergroundClient    : Trying to get data from external source for city - Vilnius
2015-08-10 08:09:42.119  INFO 5336 --- [    Test worker] c.t.w.client.WeatherUndergroundClient    : External response was empty
2015-08-10 08:09:42.119 ERROR 5336 --- [    Test worker] c.t.w.client.WeatherUndergroundClient    : Houston, errors found. Wunderground service error description='Response from external client returned no data'
2015-08-10 08:09:42.119  INFO 5336 --- [    Test worker] c.t.w.tracker.WeatherTrackerAspect       : 'Advicing' VILNIUS city. Counting popularity.
2015-08-10 08:09:42.123  INFO 5336 --- [    Test worker] c.t.w.client.WeatherUndergroundClient    : Trying to get data from external source for city - Vilnius
2015-08-10 08:09:42.126  INFO 5336 --- [    Test worker] c.t.w.tracker.WeatherTrackerAspect       : 'Advicing' VILNIUS city. Counting popularity.
2015-08-10 08:09:42.130  INFO 5336 --- [    Test worker] c.t.w.client.WeatherUndergroundClient    : Trying to get data from external source for city - Vilnius
2015-08-10 08:09:42.133 ERROR 5336 --- [    Test worker] c.t.w.client.WeatherUndergroundClient    : org.springframework.web.client.HttpServerErrorException: 500 Internal Server Error
2015-08-10 08:09:42.133  INFO 5336 --- [    Test worker] c.t.w.tracker.WeatherTrackerAspect       : 'Advicing' VILNIUS city. Counting popularity.
2015-08-10 08:09:42.135  INFO 5336 --- [    Test worker] c.t.w.client.WeatherUndergroundClient    : Trying to get data from external source for city - Bliamba
2015-08-10 08:09:42.136 ERROR 5336 --- [    Test worker] c.t.w.client.WeatherUndergroundClient    : Houston, errors found. Wunderground service error description='No cities match your search query'
2015-08-10 08:09:42.136  INFO 5336 --- [    Test worker] c.t.w.tracker.WeatherTrackerAspect       : 'Advicing' BLIAMBA city. Counting popularity.
2015-08-10 08:09:42.136  INFO 5336 --- [    Test worker] c.t.w.tracker.WeatherTrackerAspect       : Counting Bliamba popularity. Current count: 1. Left to become popular (if name is suitable, of course): 2
2015-08-10 08:09:42.137  INFO 5336 --- [    Test worker] s.c.a.AnnotationConfigApplicationContext : Closing org.springframework.context.annotation.AnnotationConfigApplicationContext@54dd2964: startup date [Mon Aug 10 08:09:38 EEST 2015]; root of context hierarchy
]]></system-out>
  <system-err><![CDATA[]]></system-err>
</testsuite>
