<?xml version="1.0" encoding="UTF-8"?>
<testsuite name="com.tieto.weather.rest.controller.WeatherControllerTest" tests="4" skipped="0" failures="0" errors="0" timestamp="2015-08-10T05:09:46" hostname="Pantera" time="1.321">
  <properties/>
  <testcase name="testGetWeatherStrangeCity" classname="com.tieto.weather.rest.controller.WeatherControllerTest" time="0.255"/>
  <testcase name="testGetWeatherNoContent" classname="com.tieto.weather.rest.controller.WeatherControllerTest" time="1.021"/>
  <testcase name="testGetWeatherNormal" classname="com.tieto.weather.rest.controller.WeatherControllerTest" time="0.024"/>
  <testcase name="testGetWeatherBadCity" classname="com.tieto.weather.rest.controller.WeatherControllerTest" time="0.018"/>
  <system-out><![CDATA[2015-08-10 08:09:42.164  INFO 5336 --- [    Test worker] o.s.t.c.web.WebTestContextBootstrapper   : Using TestExecutionListeners: [org.springframework.boot.test.IntegrationTestPropertiesListener@3f9099d, org.springframework.test.context.support.DependencyInjectionTestExecutionListener@69f10f, org.springframework.test.context.support.DirtiesContextTestExecutionListener@321be4f5, org.springframework.test.context.transaction.TransactionalTestExecutionListener@a5780ff, org.springframework.test.context.jdbc.SqlScriptsTestExecutionListener@41a9c5c9]

  .   ____          _            __ _ _
 /\\ / ___'_ __ _ _(_)_ __  __ _ \ \ \ \
( ( )\___ | '_ | '_| | '_ \/ _` | \ \ \ \
 \\/  ___)| |_)| | | | | || (_| |  ) ) ) )
  '  |____| .__|_| |_|_| |_\__, | / / / /
 =========|_|==============|___/=/_/_/_/
 :: Spring Boot ::             (v1.3.0.M2)

2015-08-10 08:09:42.226  INFO 5336 --- [    Test worker] c.t.w.r.c.WeatherControllerTest          : Starting WeatherControllerTest on Pantera with PID 5336 (D:\GitRepository\weather\build\classes\test started by Inspiron in D:\GitRepository\weather)
2015-08-10 08:09:42.234  INFO 5336 --- [    Test worker] ationConfigEmbeddedWebApplicationContext : Refreshing org.springframework.boot.context.embedded.AnnotationConfigEmbeddedWebApplicationContext@61433690: startup date [Mon Aug 10 08:09:42 EEST 2015]; root of context hierarchy
2015-08-10 08:09:42.920  INFO 5336 --- [    Test worker] o.s.b.f.s.DefaultListableBeanFactory     : Overriding bean definition for bean 'beanNameViewResolver' with a different definition: replacing [Root bean: class [null]; scope=; abstract=false; lazyInit=false; autowireMode=3; dependencyCheck=0; autowireCandidate=true; primary=false; factoryBeanName=org.springframework.boot.autoconfigure.web.ErrorMvcAutoConfiguration$WhitelabelErrorViewConfiguration; factoryMethodName=beanNameViewResolver; initMethodName=null; destroyMethodName=(inferred); defined in class path resource [org/springframework/boot/autoconfigure/web/ErrorMvcAutoConfiguration$WhitelabelErrorViewConfiguration.class]] with [Root bean: class [null]; scope=; abstract=false; lazyInit=false; autowireMode=3; dependencyCheck=0; autowireCandidate=true; primary=false; factoryBeanName=org.springframework.boot.autoconfigure.web.WebMvcAutoConfiguration$WebMvcAutoConfigurationAdapter; factoryMethodName=beanNameViewResolver; initMethodName=null; destroyMethodName=(inferred); defined in class path resource [org/springframework/boot/autoconfigure/web/WebMvcAutoConfiguration$WebMvcAutoConfigurationAdapter.class]]
2015-08-10 08:09:42.946  INFO 5336 --- [    Test worker] o.s.b.f.s.DefaultListableBeanFactory     : Overriding bean definition for bean 'ignoredPathsWebSecurityConfigurerAdapter' with a different definition: replacing [Root bean: class [null]; scope=; abstract=false; lazyInit=false; autowireMode=3; dependencyCheck=0; autowireCandidate=true; primary=false; factoryBeanName=org.springframework.boot.autoconfigure.security.SpringBootWebSecurityConfiguration; factoryMethodName=ignoredPathsWebSecurityConfigurerAdapter; initMethodName=null; destroyMethodName=(inferred); defined in class path resource [org/springframework/boot/autoconfigure/security/SpringBootWebSecurityConfiguration.class]] with [Root bean: class [null]; scope=; abstract=false; lazyInit=false; autowireMode=3; dependencyCheck=0; autowireCandidate=true; primary=false; factoryBeanName=org.springframework.boot.actuate.autoconfigure.ManagementSecurityAutoConfiguration; factoryMethodName=ignoredPathsWebSecurityConfigurerAdapter; initMethodName=null; destroyMethodName=(inferred); defined in class path resource [org/springframework/boot/actuate/autoconfigure/ManagementSecurityAutoConfiguration.class]]
2015-08-10 08:09:43.109  INFO 5336 --- [    Test worker] trationDelegate$BeanPostProcessorChecker : Bean 'weatherSOAPConfiguration' of type [class com.tieto.weather.configuration.WeatherSOAPConfiguration$$EnhancerBySpringCGLIB$$626f1556] is not eligible for getting processed by all BeanPostProcessors (for example: not eligible for auto-proxying)
2015-08-10 08:09:43.111  INFO 5336 --- [    Test worker] trationDelegate$BeanPostProcessorChecker : Bean 'org.springframework.ws.config.annotation.DelegatingWsConfiguration' of type [class org.springframework.ws.config.annotation.DelegatingWsConfiguration$$EnhancerBySpringCGLIB$$b2849617] is not eligible for getting processed by all BeanPostProcessors (for example: not eligible for auto-proxying)
2015-08-10 08:09:43.119  INFO 5336 --- [    Test worker] .w.s.a.s.AnnotationActionEndpointMapping : Supporting [WS-Addressing August 2004, WS-Addressing 1.0]
2015-08-10 08:09:43.176  INFO 5336 --- [    Test worker] trationDelegate$BeanPostProcessorChecker : Bean 'org.springframework.cache.annotation.ProxyCachingConfiguration' of type [class org.springframework.cache.annotation.ProxyCachingConfiguration$$EnhancerBySpringCGLIB$$2bf34f56] is not eligible for getting processed by all BeanPostProcessors (for example: not eligible for auto-proxying)
2015-08-10 08:09:43.187  INFO 5336 --- [    Test worker] trationDelegate$BeanPostProcessorChecker : Bean 'org.springframework.boot.autoconfigure.cache.CacheAutoConfiguration' of type [class org.springframework.boot.autoconfigure.cache.CacheAutoConfiguration$$EnhancerBySpringCGLIB$$661b4f7a] is not eligible for getting processed by all BeanPostProcessors (for example: not eligible for auto-proxying)
2015-08-10 08:09:43.209  INFO 5336 --- [    Test worker] trationDelegate$BeanPostProcessorChecker : Bean 'spring.cache.CONFIGURATION_PROPERTIES' of type [class org.springframework.boot.autoconfigure.cache.CacheProperties] is not eligible for getting processed by all BeanPostProcessors (for example: not eligible for auto-proxying)
2015-08-10 08:09:43.226  INFO 5336 --- [    Test worker] trationDelegate$BeanPostProcessorChecker : Bean 'org.springframework.boot.autoconfigure.cache.EhCacheCacheConfiguration' of type [class org.springframework.boot.autoconfigure.cache.EhCacheCacheConfiguration$$EnhancerBySpringCGLIB$$52bc54b8] is not eligible for getting processed by all BeanPostProcessors (for example: not eligible for auto-proxying)
2015-08-10 08:09:43.260  INFO 5336 --- [    Test worker] trationDelegate$BeanPostProcessorChecker : Bean 'ehCacheCacheManager' of type [class net.sf.ehcache.CacheManager] is not eligible for getting processed by all BeanPostProcessors (for example: not eligible for auto-proxying)
2015-08-10 08:09:43.263  INFO 5336 --- [    Test worker] trationDelegate$BeanPostProcessorChecker : Bean 'cacheManager' of type [class org.springframework.cache.ehcache.EhCacheCacheManager] is not eligible for getting processed by all BeanPostProcessors (for example: not eligible for auto-proxying)
2015-08-10 08:09:43.265  INFO 5336 --- [    Test worker] trationDelegate$BeanPostProcessorChecker : Bean 'cacheAutoConfigurationValidator' of type [class org.springframework.boot.autoconfigure.cache.CacheAutoConfiguration$CacheManagerValidator] is not eligible for getting processed by all BeanPostProcessors (for example: not eligible for auto-proxying)
2015-08-10 08:09:43.746  INFO 5336 --- [    Test worker] s.b.c.e.t.TomcatEmbeddedServletContainer : Tomcat initialized with port(s): 9999 (http)
2015-08-10 08:09:44.011  INFO 5336 --- [    Test worker] o.apache.catalina.core.StandardService   : Starting service Tomcat
2015-08-10 08:09:44.013  INFO 5336 --- [    Test worker] org.apache.catalina.core.StandardEngine  : Starting Servlet Engine: Apache Tomcat/8.0.23
2015-08-10 08:09:44.109  INFO 5336 --- [ost-startStop-1] o.a.c.c.C.[Tomcat].[localhost].[/]       : Initializing Spring embedded WebApplicationContext
2015-08-10 08:09:44.109  INFO 5336 --- [ost-startStop-1] o.s.web.context.ContextLoader            : Root WebApplicationContext: initialization completed in 1875 ms
2015-08-10 08:09:45.102  INFO 5336 --- [ost-startStop-1] o.s.b.a.e.mvc.EndpointHandlerMapping     : Mapped "{[/info],methods=[GET]}" onto public java.lang.Object org.springframework.boot.actuate.endpoint.mvc.EndpointMvcAdapter.invoke()
2015-08-10 08:09:45.106  INFO 5336 --- [ost-startStop-1] o.s.b.a.e.mvc.EndpointHandlerMapping     : Mapped "{[/autoconfig],methods=[GET]}" onto public java.lang.Object org.springframework.boot.actuate.endpoint.mvc.EndpointMvcAdapter.invoke()
2015-08-10 08:09:45.106  INFO 5336 --- [ost-startStop-1] o.s.b.a.e.mvc.EndpointHandlerMapping     : Mapped "{[/beans],methods=[GET]}" onto public java.lang.Object org.springframework.boot.actuate.endpoint.mvc.EndpointMvcAdapter.invoke()
2015-08-10 08:09:45.107  INFO 5336 --- [ost-startStop-1] o.s.b.a.e.mvc.EndpointHandlerMapping     : Mapped "{[/health]}" onto public java.lang.Object org.springframework.boot.actuate.endpoint.mvc.HealthMvcEndpoint.invoke(java.security.Principal)
2015-08-10 08:09:45.108  INFO 5336 --- [ost-startStop-1] o.s.b.a.e.mvc.EndpointHandlerMapping     : Mapped "{[/dump],methods=[GET]}" onto public java.lang.Object org.springframework.boot.actuate.endpoint.mvc.EndpointMvcAdapter.invoke()
2015-08-10 08:09:45.109  INFO 5336 --- [ost-startStop-1] o.s.b.a.e.mvc.EndpointHandlerMapping     : Mapped "{[/mappings],methods=[GET]}" onto public java.lang.Object org.springframework.boot.actuate.endpoint.mvc.EndpointMvcAdapter.invoke()
2015-08-10 08:09:45.110  INFO 5336 --- [ost-startStop-1] o.s.b.a.e.mvc.EndpointHandlerMapping     : Mapped "{[/configprops],methods=[GET]}" onto public java.lang.Object org.springframework.boot.actuate.endpoint.mvc.EndpointMvcAdapter.invoke()
2015-08-10 08:09:45.114  INFO 5336 --- [ost-startStop-1] o.s.b.a.e.mvc.EndpointHandlerMapping     : Mapped "{[/metrics/{name:.*}],methods=[GET]}" onto public java.lang.Object org.springframework.boot.actuate.endpoint.mvc.MetricsMvcEndpoint.value(java.lang.String)
2015-08-10 08:09:45.115  INFO 5336 --- [ost-startStop-1] o.s.b.a.e.mvc.EndpointHandlerMapping     : Mapped "{[/metrics],methods=[GET]}" onto public java.lang.Object org.springframework.boot.actuate.endpoint.mvc.EndpointMvcAdapter.invoke()
2015-08-10 08:09:45.120  INFO 5336 --- [ost-startStop-1] o.s.b.a.e.mvc.EndpointHandlerMapping     : Mapped "{[/env/{name:.*}],methods=[GET]}" onto public java.lang.Object org.springframework.boot.actuate.endpoint.mvc.EnvironmentMvcEndpoint.value(java.lang.String)
2015-08-10 08:09:45.122  INFO 5336 --- [ost-startStop-1] o.s.b.a.e.mvc.EndpointHandlerMapping     : Mapped "{[/env],methods=[GET]}" onto public java.lang.Object org.springframework.boot.actuate.endpoint.mvc.EndpointMvcAdapter.invoke()
2015-08-10 08:09:45.123  INFO 5336 --- [ost-startStop-1] o.s.b.a.e.mvc.EndpointHandlerMapping     : Mapped "{[/trace],methods=[GET]}" onto public java.lang.Object org.springframework.boot.actuate.endpoint.mvc.EndpointMvcAdapter.invoke()
2015-08-10 08:09:45.409  INFO 5336 --- [ost-startStop-1] o.s.s.web.DefaultSecurityFilterChain     : Creating filter chain: Ant [pattern='/css/**'], []
2015-08-10 08:09:45.409  INFO 5336 --- [ost-startStop-1] o.s.s.web.DefaultSecurityFilterChain     : Creating filter chain: Ant [pattern='/js/**'], []
2015-08-10 08:09:45.410  INFO 5336 --- [ost-startStop-1] o.s.s.web.DefaultSecurityFilterChain     : Creating filter chain: Ant [pattern='/images/**'], []
2015-08-10 08:09:45.410  INFO 5336 --- [ost-startStop-1] o.s.s.web.DefaultSecurityFilterChain     : Creating filter chain: Ant [pattern='/**/favicon.ico'], []
2015-08-10 08:09:45.410  INFO 5336 --- [ost-startStop-1] o.s.s.web.DefaultSecurityFilterChain     : Creating filter chain: Ant [pattern='/error'], []
2015-08-10 08:09:45.476  INFO 5336 --- [ost-startStop-1] o.s.s.web.DefaultSecurityFilterChain     : Creating filter chain: org.springframework.boot.actuate.autoconfigure.ManagementSecurityAutoConfiguration$ManagementWebSecurityConfigurerAdapter$EndpointPathRequestMatcher@653e82ee, [org.springframework.security.web.context.request.async.WebAsyncManagerIntegrationFilter@ad72daa, org.springframework.security.web.context.SecurityContextPersistenceFilter@6c7a7d9a, org.springframework.security.web.header.HeaderWriterFilter@79359a7c, org.springframework.security.web.authentication.logout.LogoutFilter@602705bd, org.springframework.security.web.authentication.www.BasicAuthenticationFilter@35dd1e0c, org.springframework.security.web.savedrequest.RequestCacheAwareFilter@5d1931d2, org.springframework.security.web.servletapi.SecurityContextHolderAwareRequestFilter@43c7fbc3, org.springframework.security.web.authentication.AnonymousAuthenticationFilter@4e7d6625, org.springframework.security.web.session.SessionManagementFilter@762ebc3e, org.springframework.security.web.access.ExceptionTranslationFilter@5e02f67b, org.springframework.security.web.access.intercept.FilterSecurityInterceptor@4c638795]
2015-08-10 08:09:45.479  INFO 5336 --- [ost-startStop-1] o.s.s.web.DefaultSecurityFilterChain     : Creating filter chain: OrRequestMatcher [requestMatchers=[Ant [pattern='/**']]], [org.springframework.security.web.context.request.async.WebAsyncManagerIntegrationFilter@4a9f3121, org.springframework.security.web.context.SecurityContextPersistenceFilter@d6294c2, org.springframework.security.web.header.HeaderWriterFilter@3594a930, org.springframework.security.web.authentication.logout.LogoutFilter@5f499588, org.springframework.security.web.authentication.www.BasicAuthenticationFilter@4614de27, org.springframework.security.web.savedrequest.RequestCacheAwareFilter@6a6da4f3, org.springframework.security.web.servletapi.SecurityContextHolderAwareRequestFilter@7aa04da7, org.springframework.security.web.authentication.AnonymousAuthenticationFilter@464b90b8, org.springframework.security.web.session.SessionManagementFilter@3d130bf0, org.springframework.security.web.access.ExceptionTranslationFilter@5026e9d4, org.springframework.security.web.access.intercept.FilterSecurityInterceptor@2a1a27a3]
2015-08-10 08:09:45.609  INFO 5336 --- [ost-startStop-1] o.s.b.c.embedded.FilterRegistrationBean  : Mapping filter: 'metricFilter' to: [/*]
2015-08-10 08:09:45.610  INFO 5336 --- [ost-startStop-1] o.s.b.c.embedded.FilterRegistrationBean  : Mapping filter: 'characterEncodingFilter' to: [/*]
2015-08-10 08:09:45.610  INFO 5336 --- [ost-startStop-1] o.s.b.c.embedded.FilterRegistrationBean  : Mapping filter: 'hiddenHttpMethodFilter' to: [/*]
2015-08-10 08:09:45.611  INFO 5336 --- [ost-startStop-1] o.s.b.c.embedded.FilterRegistrationBean  : Mapping filter: 'springSecurityFilterChain' to: [/*]
2015-08-10 08:09:45.611  INFO 5336 --- [ost-startStop-1] o.s.b.c.embedded.FilterRegistrationBean  : Mapping filter: 'webRequestLoggingFilter' to: [/*]
2015-08-10 08:09:45.612  INFO 5336 --- [ost-startStop-1] o.s.b.c.embedded.FilterRegistrationBean  : Mapping filter: 'applicationContextIdFilter' to: [/*]
2015-08-10 08:09:45.612  INFO 5336 --- [ost-startStop-1] o.s.b.c.e.ServletRegistrationBean        : Mapping servlet: 'messageDispatcherServlet' to [/ws/*]
2015-08-10 08:09:45.624  INFO 5336 --- [ost-startStop-1] o.s.b.c.e.ServletRegistrationBean        : Mapping servlet: 'dispatcherServlet' to [/]
2015-08-10 08:09:45.757  INFO 5336 --- [    Test worker] c.t.w.s.repository.WeatherCitiesImpl     : Initialize supported cities
2015-08-10 08:09:45.779  INFO 5336 --- [    Test worker] o.s.oxm.jaxb.Jaxb2Marshaller             : Creating JAXBContext with context path [com.tieto.weather.model.soap]
2015-08-10 08:09:45.833  INFO 5336 --- [    Test worker] o.s.ws.soap.saaj.SaajSoapMessageFactory  : Creating SAAJ 1.3 MessageFactory with SOAP 1.1 Protocol
2015-08-10 08:09:45.983  INFO 5336 --- [    Test worker] s.w.s.m.m.a.RequestMappingHandlerAdapter : Looking for @ControllerAdvice: org.springframework.boot.context.embedded.AnnotationConfigEmbeddedWebApplicationContext@61433690: startup date [Mon Aug 10 08:09:42 EEST 2015]; root of context hierarchy
2015-08-10 08:09:46.052  INFO 5336 --- [    Test worker] s.w.s.m.m.a.RequestMappingHandlerMapping : Mapped "{[/weather],methods=[GET],produces=[application/json]}" onto public com.tieto.weather.model.rest.WeatherRESTResponse com.tieto.weather.rest.controller.WeatherController.getWeather()
2015-08-10 08:09:46.052  INFO 5336 --- [    Test worker] s.w.s.m.m.a.RequestMappingHandlerMapping : Mapped "{[/weather/rest/{city}],methods=[GET]}" onto public com.tieto.weather.model.rest.WeatherRESTResponse com.tieto.weather.rest.controller.WeatherController.getWeather(java.lang.String)
2015-08-10 08:09:46.053  INFO 5336 --- [    Test worker] s.w.s.m.m.a.RequestMappingHandlerMapping : Mapped "{[/error]}" onto public org.springframework.http.ResponseEntity<java.util.Map<java.lang.String, java.lang.Object>> org.springframework.boot.autoconfigure.web.BasicErrorController.error(javax.servlet.http.HttpServletRequest)
2015-08-10 08:09:46.054  INFO 5336 --- [    Test worker] s.w.s.m.m.a.RequestMappingHandlerMapping : Mapped "{[/error],produces=[text/html]}" onto public org.springframework.web.servlet.ModelAndView org.springframework.boot.autoconfigure.web.BasicErrorController.errorHtml(javax.servlet.http.HttpServletRequest)
2015-08-10 08:09:46.085  INFO 5336 --- [    Test worker] o.s.w.s.handler.SimpleUrlHandlerMapping  : Mapped URL path [/webjars/**] onto handler of type [class org.springframework.web.servlet.resource.ResourceHttpRequestHandler]
2015-08-10 08:09:46.085  INFO 5336 --- [    Test worker] o.s.w.s.handler.SimpleUrlHandlerMapping  : Mapped URL path [/**] onto handler of type [class org.springframework.web.servlet.resource.ResourceHttpRequestHandler]
2015-08-10 08:09:46.129  INFO 5336 --- [    Test worker] o.s.w.s.handler.SimpleUrlHandlerMapping  : Mapped URL path [/**/favicon.ico] onto handler of type [class org.springframework.web.servlet.resource.ResourceHttpRequestHandler]
2015-08-10 08:09:46.296  INFO 5336 --- [    Test worker] s.b.c.e.t.TomcatEmbeddedServletContainer : Tomcat started on port(s): 9999 (http)
2015-08-10 08:09:46.299  INFO 5336 --- [    Test worker] c.t.w.r.c.WeatherControllerTest          : Started WeatherControllerTest in 4.118 seconds (JVM running for 9.175)
2015-08-10 08:09:46.417  INFO 5336 --- [nio-9999-exec-1] o.a.c.c.C.[Tomcat].[localhost].[/]       : Initializing Spring FrameworkServlet 'dispatcherServlet'
2015-08-10 08:09:46.417  INFO 5336 --- [nio-9999-exec-1] o.s.web.servlet.DispatcherServlet        : FrameworkServlet 'dispatcherServlet': initialization started
2015-08-10 08:09:46.433  INFO 5336 --- [nio-9999-exec-1] o.s.web.servlet.DispatcherServlet        : FrameworkServlet 'dispatcherServlet': initialization completed in 16 ms
2015-08-10 08:09:46.480  INFO 5336 --- [nio-9999-exec-1] c.t.w.rest.controller.WeatherController  : REST Controller: Got city name - London
2015-08-10 08:09:46.480  INFO 5336 --- [nio-9999-exec-1] com.tieto.weather.service.WeatherTube    : WeatherTube found that LONDON is not supported or not cached. Trying to get observation external client.
2015-08-10 08:09:46.481  INFO 5336 --- [nio-9999-exec-1] c.t.w.client.WeatherUndergroundClient    : Trying to get data from external source for city - LONDON
2015-08-10 08:09:46.485 ERROR 5336 --- [nio-9999-exec-1] c.t.w.client.WeatherUndergroundClient    : External response has no observation data
2015-08-10 08:09:46.485  INFO 5336 --- [nio-9999-exec-1] c.t.w.tracker.WeatherTrackerAspect       : 'Advicing' LONDON city. Counting popularity.
2015-08-10 08:09:46.485  INFO 5336 --- [nio-9999-exec-1] c.t.w.tracker.WeatherTrackerAspect       : Counting LONDON popularity. Current count: 1. Left to become popular (if name is suitable, of course): 2
2015-08-10 08:09:46.486 ERROR 5336 --- [nio-9999-exec-1] com.tieto.weather.service.WeatherTube    : WeatherTube got error from external client: Response from external client returned no weather observation data
2015-08-10 08:09:47.157  INFO 5336 --- [nio-9999-exec-2] c.t.w.rest.controller.WeatherController  : REST Controller: Got city name - Vilnius
2015-08-10 08:09:47.157  INFO 5336 --- [nio-9999-exec-2] com.tieto.weather.service.WeatherTube    : WeatherTube found that VILNIUS is supported. Trying to get observation from cache.
2015-08-10 08:09:47.165  INFO 5336 --- [nio-9999-exec-2] com.tieto.weather.service.WeatherTube    : WeatherTube found that VILNIUS is not supported or not cached. Trying to get observation external client.
2015-08-10 08:09:47.165  INFO 5336 --- [nio-9999-exec-2] c.t.w.client.WeatherUndergroundClient    : Trying to get data from external source for city - VILNIUS
2015-08-10 08:09:47.165  INFO 5336 --- [nio-9999-exec-2] c.t.w.client.WeatherUndergroundClient    : External response was empty
2015-08-10 08:09:47.166 ERROR 5336 --- [nio-9999-exec-2] c.t.w.client.WeatherUndergroundClient    : Houston, errors found. Wunderground service error description='Response from external client returned no data'
2015-08-10 08:09:47.166  INFO 5336 --- [nio-9999-exec-2] c.t.w.tracker.WeatherTrackerAspect       : 'Advicing' VILNIUS city. Counting popularity.
2015-08-10 08:09:47.166 ERROR 5336 --- [nio-9999-exec-2] com.tieto.weather.service.WeatherTube    : WeatherTube got error from external client: Response from external client returned no data
2015-08-10 08:09:47.591  INFO 5336 --- [nio-9999-exec-3] c.t.w.rest.controller.WeatherController  : REST Controller: Got city name - Vilnius
2015-08-10 08:09:47.591  INFO 5336 --- [nio-9999-exec-3] com.tieto.weather.service.WeatherTube    : WeatherTube found that VILNIUS is supported. Trying to get observation from cache.
2015-08-10 08:09:47.592  INFO 5336 --- [nio-9999-exec-3] com.tieto.weather.service.WeatherTube    : WeatherTube found that VILNIUS is not supported or not cached. Trying to get observation external client.
2015-08-10 08:09:47.592  INFO 5336 --- [nio-9999-exec-3] c.t.w.client.WeatherUndergroundClient    : Trying to get data from external source for city - VILNIUS
2015-08-10 08:09:47.593  INFO 5336 --- [nio-9999-exec-3] c.t.w.tracker.WeatherTrackerAspect       : 'Advicing' VILNIUS city. Counting popularity.
2015-08-10 08:09:47.594  INFO 5336 --- [nio-9999-exec-3] com.tieto.weather.service.WeatherTube    : WeatherTube got weather observation from external client - weather - Clear
2015-08-10 08:09:47.616  INFO 5336 --- [nio-9999-exec-4] c.t.w.rest.controller.WeatherController  : REST Controller: Got city name - Bliamba
2015-08-10 08:09:47.616  INFO 5336 --- [nio-9999-exec-4] com.tieto.weather.service.WeatherTube    : WeatherTube found that BLIAMBA is not supported or not cached. Trying to get observation external client.
2015-08-10 08:09:47.616  INFO 5336 --- [nio-9999-exec-4] c.t.w.client.WeatherUndergroundClient    : Trying to get data from external source for city - BLIAMBA
2015-08-10 08:09:47.617 ERROR 5336 --- [nio-9999-exec-4] c.t.w.client.WeatherUndergroundClient    : Houston, errors found. Wunderground service error description='No cities match your search query'
2015-08-10 08:09:47.617  INFO 5336 --- [nio-9999-exec-4] c.t.w.tracker.WeatherTrackerAspect       : 'Advicing' BLIAMBA city. Counting popularity.
2015-08-10 08:09:47.618  INFO 5336 --- [nio-9999-exec-4] c.t.w.tracker.WeatherTrackerAspect       : Counting BLIAMBA popularity. Current count: 1. Left to become popular (if name is suitable, of course): 2
2015-08-10 08:09:47.618 ERROR 5336 --- [nio-9999-exec-4] com.tieto.weather.service.WeatherTube    : WeatherTube got error from external client: No cities match your search query
2015-08-10 08:09:47.623  INFO 5336 --- [    Test worker] ationConfigEmbeddedWebApplicationContext : Closing org.springframework.boot.context.embedded.AnnotationConfigEmbeddedWebApplicationContext@61433690: startup date [Mon Aug 10 08:09:42 EEST 2015]; root of context hierarchy
]]></system-out>
  <system-err><![CDATA[]]></system-err>
</testsuite>
