<?xml version="1.0" encoding="UTF-8"?>
<testsuite name="com.tieto.weather.soap.endpoint.WeatherEndpointTest" tests="4" skipped="0" failures="0" errors="0" timestamp="2015-08-07T08:45:34" hostname="Pantera" time="0.24">
  <properties/>
  <testcase name="testGetWeatherStrangeCity" classname="com.tieto.weather.soap.endpoint.WeatherEndpointTest" time="0.18"/>
  <testcase name="testGetWeatherNoContent" classname="com.tieto.weather.soap.endpoint.WeatherEndpointTest" time="0.02"/>
  <testcase name="testGetWeatherNormal" classname="com.tieto.weather.soap.endpoint.WeatherEndpointTest" time="0.02"/>
  <testcase name="testGetWeatherBadCity" classname="com.tieto.weather.soap.endpoint.WeatherEndpointTest" time="0.02"/>
  <system-out><![CDATA[2015-08-07 11:45:32.950  INFO 7528 --- [    Test worker] o.s.t.c.web.WebTestContextBootstrapper   : Using TestExecutionListeners: [org.springframework.boot.test.IntegrationTestPropertiesListener@cbd01f, org.springframework.test.context.support.DependencyInjectionTestExecutionListener@1a6198f0, org.springframework.test.context.support.DirtiesContextTestExecutionListener@78446ce7, org.springframework.test.context.transaction.TransactionalTestExecutionListener@142940e9, org.springframework.test.context.jdbc.SqlScriptsTestExecutionListener@4a3c315b]

  .   ____          _            __ _ _
 /\\ / ___'_ __ _ _(_)_ __  __ _ \ \ \ \
( ( )\___ | '_ | '_| | '_ \/ _` | \ \ \ \
 \\/  ___)| |_)| | | | | || (_| |  ) ) ) )
  '  |____| .__|_| |_|_| |_\__, | / / / /
 =========|_|==============|___/=/_/_/_/
 :: Spring Boot ::             (v1.3.0.M2)

2015-08-07 11:45:32.970  INFO 7528 --- [    Test worker] c.t.w.soap.endpoint.WeatherEndpointTest  : Starting WeatherEndpointTest on Pantera with PID 7528 (D:\GitRepository\weather\build\classes\test started by Inspiron in D:\GitRepository\weather)
2015-08-07 11:45:32.980  INFO 7528 --- [    Test worker] ationConfigEmbeddedWebApplicationContext : Refreshing org.springframework.boot.context.embedded.AnnotationConfigEmbeddedWebApplicationContext@567e4334: startup date [Fri Aug 07 11:45:32 EEST 2015]; root of context hierarchy
2015-08-07 11:45:33.280  INFO 7528 --- [    Test worker] o.s.b.f.s.DefaultListableBeanFactory     : Overriding bean definition for bean 'beanNameViewResolver' with a different definition: replacing [Root bean: class [null]; scope=; abstract=false; lazyInit=false; autowireMode=3; dependencyCheck=0; autowireCandidate=true; primary=false; factoryBeanName=org.springframework.boot.autoconfigure.web.ErrorMvcAutoConfiguration$WhitelabelErrorViewConfiguration; factoryMethodName=beanNameViewResolver; initMethodName=null; destroyMethodName=(inferred); defined in class path resource [org/springframework/boot/autoconfigure/web/ErrorMvcAutoConfiguration$WhitelabelErrorViewConfiguration.class]] with [Root bean: class [null]; scope=; abstract=false; lazyInit=false; autowireMode=3; dependencyCheck=0; autowireCandidate=true; primary=false; factoryBeanName=org.springframework.boot.autoconfigure.web.WebMvcAutoConfiguration$WebMvcAutoConfigurationAdapter; factoryMethodName=beanNameViewResolver; initMethodName=null; destroyMethodName=(inferred); defined in class path resource [org/springframework/boot/autoconfigure/web/WebMvcAutoConfiguration$WebMvcAutoConfigurationAdapter.class]]
2015-08-07 11:45:33.290  INFO 7528 --- [    Test worker] o.s.b.f.s.DefaultListableBeanFactory     : Overriding bean definition for bean 'ignoredPathsWebSecurityConfigurerAdapter' with a different definition: replacing [Root bean: class [null]; scope=; abstract=false; lazyInit=false; autowireMode=3; dependencyCheck=0; autowireCandidate=true; primary=false; factoryBeanName=org.springframework.boot.autoconfigure.security.SpringBootWebSecurityConfiguration; factoryMethodName=ignoredPathsWebSecurityConfigurerAdapter; initMethodName=null; destroyMethodName=(inferred); defined in class path resource [org/springframework/boot/autoconfigure/security/SpringBootWebSecurityConfiguration.class]] with [Root bean: class [null]; scope=; abstract=false; lazyInit=false; autowireMode=3; dependencyCheck=0; autowireCandidate=true; primary=false; factoryBeanName=org.springframework.boot.actuate.autoconfigure.ManagementSecurityAutoConfiguration; factoryMethodName=ignoredPathsWebSecurityConfigurerAdapter; initMethodName=null; destroyMethodName=(inferred); defined in class path resource [org/springframework/boot/actuate/autoconfigure/ManagementSecurityAutoConfiguration.class]]
2015-08-07 11:45:33.350  INFO 7528 --- [    Test worker] trationDelegate$BeanPostProcessorChecker : Bean 'weatherSOAPConfiguration' of type [class com.tieto.weather.configuration.WeatherSOAPConfiguration$$EnhancerBySpringCGLIB$$bdd0d3f1] is not eligible for getting processed by all BeanPostProcessors (for example: not eligible for auto-proxying)
2015-08-07 11:45:33.350  INFO 7528 --- [    Test worker] trationDelegate$BeanPostProcessorChecker : Bean 'org.springframework.ws.config.annotation.DelegatingWsConfiguration' of type [class org.springframework.ws.config.annotation.DelegatingWsConfiguration$$EnhancerBySpringCGLIB$$de654b2] is not eligible for getting processed by all BeanPostProcessors (for example: not eligible for auto-proxying)
2015-08-07 11:45:33.350  INFO 7528 --- [    Test worker] .w.s.a.s.AnnotationActionEndpointMapping : Supporting [WS-Addressing August 2004, WS-Addressing 1.0]
2015-08-07 11:45:33.370  INFO 7528 --- [    Test worker] trationDelegate$BeanPostProcessorChecker : Bean 'org.springframework.cache.annotation.ProxyCachingConfiguration' of type [class org.springframework.cache.annotation.ProxyCachingConfiguration$$EnhancerBySpringCGLIB$$87550df1] is not eligible for getting processed by all BeanPostProcessors (for example: not eligible for auto-proxying)
2015-08-07 11:45:33.370  INFO 7528 --- [    Test worker] trationDelegate$BeanPostProcessorChecker : Bean 'org.springframework.boot.autoconfigure.cache.CacheAutoConfiguration' of type [class org.springframework.boot.autoconfigure.cache.CacheAutoConfiguration$$EnhancerBySpringCGLIB$$c17d0e15] is not eligible for getting processed by all BeanPostProcessors (for example: not eligible for auto-proxying)
2015-08-07 11:45:33.390  INFO 7528 --- [    Test worker] trationDelegate$BeanPostProcessorChecker : Bean 'spring.cache.CONFIGURATION_PROPERTIES' of type [class org.springframework.boot.autoconfigure.cache.CacheProperties] is not eligible for getting processed by all BeanPostProcessors (for example: not eligible for auto-proxying)
2015-08-07 11:45:33.400  INFO 7528 --- [    Test worker] trationDelegate$BeanPostProcessorChecker : Bean 'org.springframework.boot.autoconfigure.cache.EhCacheCacheConfiguration' of type [class org.springframework.boot.autoconfigure.cache.EhCacheCacheConfiguration$$EnhancerBySpringCGLIB$$ae1e1353] is not eligible for getting processed by all BeanPostProcessors (for example: not eligible for auto-proxying)
2015-08-07 11:45:33.410  INFO 7528 --- [    Test worker] trationDelegate$BeanPostProcessorChecker : Bean 'ehCacheCacheManager' of type [class net.sf.ehcache.CacheManager] is not eligible for getting processed by all BeanPostProcessors (for example: not eligible for auto-proxying)
2015-08-07 11:45:33.410  INFO 7528 --- [    Test worker] trationDelegate$BeanPostProcessorChecker : Bean 'cacheManager' of type [class org.springframework.cache.ehcache.EhCacheCacheManager] is not eligible for getting processed by all BeanPostProcessors (for example: not eligible for auto-proxying)
2015-08-07 11:45:33.410  INFO 7528 --- [    Test worker] trationDelegate$BeanPostProcessorChecker : Bean 'cacheAutoConfigurationValidator' of type [class org.springframework.boot.autoconfigure.cache.CacheAutoConfiguration$CacheManagerValidator] is not eligible for getting processed by all BeanPostProcessors (for example: not eligible for auto-proxying)
2015-08-07 11:45:33.470  INFO 7528 --- [    Test worker] s.b.c.e.t.TomcatEmbeddedServletContainer : Tomcat initialized with port(s): 9999 (http)
2015-08-07 11:45:33.470  INFO 7528 --- [    Test worker] o.apache.catalina.core.StandardService   : Starting service Tomcat
2015-08-07 11:45:33.470  INFO 7528 --- [    Test worker] org.apache.catalina.core.StandardEngine  : Starting Servlet Engine: Apache Tomcat/8.0.23
2015-08-07 11:45:33.480  INFO 7528 --- [ost-startStop-1] o.a.c.c.C.[Tomcat].[localhost].[/]       : Initializing Spring embedded WebApplicationContext
2015-08-07 11:45:33.480  INFO 7528 --- [ost-startStop-1] o.s.web.context.ContextLoader            : Root WebApplicationContext: initialization completed in 500 ms
2015-08-07 11:45:34.026  INFO 7528 --- [ost-startStop-1] o.s.b.a.e.mvc.EndpointHandlerMapping     : Mapped "{[/beans],methods=[GET]}" onto public java.lang.Object org.springframework.boot.actuate.endpoint.mvc.EndpointMvcAdapter.invoke()
2015-08-07 11:45:34.026  INFO 7528 --- [ost-startStop-1] o.s.b.a.e.mvc.EndpointHandlerMapping     : Mapped "{[/env/{name:.*}],methods=[GET]}" onto public java.lang.Object org.springframework.boot.actuate.endpoint.mvc.EnvironmentMvcEndpoint.value(java.lang.String)
2015-08-07 11:45:34.026  INFO 7528 --- [ost-startStop-1] o.s.b.a.e.mvc.EndpointHandlerMapping     : Mapped "{[/env],methods=[GET]}" onto public java.lang.Object org.springframework.boot.actuate.endpoint.mvc.EndpointMvcAdapter.invoke()
2015-08-07 11:45:34.026  INFO 7528 --- [ost-startStop-1] o.s.b.a.e.mvc.EndpointHandlerMapping     : Mapped "{[/autoconfig],methods=[GET]}" onto public java.lang.Object org.springframework.boot.actuate.endpoint.mvc.EndpointMvcAdapter.invoke()
2015-08-07 11:45:34.026  INFO 7528 --- [ost-startStop-1] o.s.b.a.e.mvc.EndpointHandlerMapping     : Mapped "{[/configprops],methods=[GET]}" onto public java.lang.Object org.springframework.boot.actuate.endpoint.mvc.EndpointMvcAdapter.invoke()
2015-08-07 11:45:34.026  INFO 7528 --- [ost-startStop-1] o.s.b.a.e.mvc.EndpointHandlerMapping     : Mapped "{[/trace],methods=[GET]}" onto public java.lang.Object org.springframework.boot.actuate.endpoint.mvc.EndpointMvcAdapter.invoke()
2015-08-07 11:45:34.026  INFO 7528 --- [ost-startStop-1] o.s.b.a.e.mvc.EndpointHandlerMapping     : Mapped "{[/ || ],produces=[application/json]}" onto public org.springframework.hateoas.ResourceSupport org.springframework.boot.actuate.endpoint.mvc.LinksMvcEndpoint.links()
2015-08-07 11:45:34.026  INFO 7528 --- [ost-startStop-1] o.s.b.a.e.mvc.EndpointHandlerMapping     : Mapped "{[/health]}" onto public java.lang.Object org.springframework.boot.actuate.endpoint.mvc.HealthMvcEndpoint.invoke(java.security.Principal)
2015-08-07 11:45:34.026  INFO 7528 --- [ost-startStop-1] o.s.b.a.e.mvc.EndpointHandlerMapping     : Mapped "{[/info],methods=[GET]}" onto public java.lang.Object org.springframework.boot.actuate.endpoint.mvc.EndpointMvcAdapter.invoke()
2015-08-07 11:45:34.026  INFO 7528 --- [ost-startStop-1] o.s.b.a.e.mvc.EndpointHandlerMapping     : Mapped "{[/metrics/{name:.*}],methods=[GET]}" onto public java.lang.Object org.springframework.boot.actuate.endpoint.mvc.MetricsMvcEndpoint.value(java.lang.String)
2015-08-07 11:45:34.026  INFO 7528 --- [ost-startStop-1] o.s.b.a.e.mvc.EndpointHandlerMapping     : Mapped "{[/metrics],methods=[GET]}" onto public java.lang.Object org.springframework.boot.actuate.endpoint.mvc.EndpointMvcAdapter.invoke()
2015-08-07 11:45:34.026  INFO 7528 --- [ost-startStop-1] o.s.b.a.e.mvc.EndpointHandlerMapping     : Mapped "{[/mappings],methods=[GET]}" onto public java.lang.Object org.springframework.boot.actuate.endpoint.mvc.EndpointMvcAdapter.invoke()
2015-08-07 11:45:34.026  INFO 7528 --- [ost-startStop-1] o.s.b.a.e.mvc.EndpointHandlerMapping     : Mapped "{[/dump],methods=[GET]}" onto public java.lang.Object org.springframework.boot.actuate.endpoint.mvc.EndpointMvcAdapter.invoke()
2015-08-07 11:45:34.096  INFO 7528 --- [ost-startStop-1] o.s.s.web.DefaultSecurityFilterChain     : Creating filter chain: Ant [pattern='/css/**'], []
2015-08-07 11:45:34.096  INFO 7528 --- [ost-startStop-1] o.s.s.web.DefaultSecurityFilterChain     : Creating filter chain: Ant [pattern='/js/**'], []
2015-08-07 11:45:34.096  INFO 7528 --- [ost-startStop-1] o.s.s.web.DefaultSecurityFilterChain     : Creating filter chain: Ant [pattern='/images/**'], []
2015-08-07 11:45:34.096  INFO 7528 --- [ost-startStop-1] o.s.s.web.DefaultSecurityFilterChain     : Creating filter chain: Ant [pattern='/**/favicon.ico'], []
2015-08-07 11:45:34.096  INFO 7528 --- [ost-startStop-1] o.s.s.web.DefaultSecurityFilterChain     : Creating filter chain: Ant [pattern='/error'], []
2015-08-07 11:45:34.126  INFO 7528 --- [ost-startStop-1] o.s.s.web.DefaultSecurityFilterChain     : Creating filter chain: org.springframework.boot.actuate.autoconfigure.ManagementSecurityAutoConfiguration$ManagementWebSecurityConfigurerAdapter$EndpointPathRequestMatcher@3bebc0, [org.springframework.security.web.context.request.async.WebAsyncManagerIntegrationFilter@479629cf, org.springframework.security.web.context.SecurityContextPersistenceFilter@6ca4e8cc, org.springframework.security.web.header.HeaderWriterFilter@690899c8, org.springframework.security.web.authentication.logout.LogoutFilter@5e0083b5, org.springframework.security.web.authentication.www.BasicAuthenticationFilter@24661ce5, org.springframework.security.web.savedrequest.RequestCacheAwareFilter@2753d7db, org.springframework.security.web.servletapi.SecurityContextHolderAwareRequestFilter@ab8dc20, org.springframework.security.web.authentication.AnonymousAuthenticationFilter@4c3d1c9e, org.springframework.security.web.session.SessionManagementFilter@29ffa260, org.springframework.security.web.access.ExceptionTranslationFilter@280c761d, org.springframework.security.web.access.intercept.FilterSecurityInterceptor@60cd7dae]
2015-08-07 11:45:34.136  INFO 7528 --- [ost-startStop-1] o.s.s.web.DefaultSecurityFilterChain     : Creating filter chain: OrRequestMatcher [requestMatchers=[Ant [pattern='/**']]], [org.springframework.security.web.context.request.async.WebAsyncManagerIntegrationFilter@61c0b245, org.springframework.security.web.context.SecurityContextPersistenceFilter@4d0595ef, org.springframework.security.web.header.HeaderWriterFilter@4a15cd9f, org.springframework.security.web.authentication.logout.LogoutFilter@35d8dee7, org.springframework.security.web.authentication.www.BasicAuthenticationFilter@54939f5e, org.springframework.security.web.savedrequest.RequestCacheAwareFilter@5858a69f, org.springframework.security.web.servletapi.SecurityContextHolderAwareRequestFilter@3cc5e13e, org.springframework.security.web.authentication.AnonymousAuthenticationFilter@3d46bbaf, org.springframework.security.web.session.SessionManagementFilter@133354fd, org.springframework.security.web.access.ExceptionTranslationFilter@5e597232, org.springframework.security.web.access.intercept.FilterSecurityInterceptor@29e1b148]
2015-08-07 11:45:34.186  INFO 7528 --- [ost-startStop-1] o.s.b.c.embedded.FilterRegistrationBean  : Mapping filter: 'metricFilter' to: [/*]
2015-08-07 11:45:34.186  INFO 7528 --- [ost-startStop-1] o.s.b.c.embedded.FilterRegistrationBean  : Mapping filter: 'characterEncodingFilter' to: [/*]
2015-08-07 11:45:34.186  INFO 7528 --- [ost-startStop-1] o.s.b.c.embedded.FilterRegistrationBean  : Mapping filter: 'hiddenHttpMethodFilter' to: [/*]
2015-08-07 11:45:34.186  INFO 7528 --- [ost-startStop-1] o.s.b.c.embedded.FilterRegistrationBean  : Mapping filter: 'springSecurityFilterChain' to: [/*]
2015-08-07 11:45:34.186  INFO 7528 --- [ost-startStop-1] o.s.b.c.embedded.FilterRegistrationBean  : Mapping filter: 'webRequestLoggingFilter' to: [/*]
2015-08-07 11:45:34.186  INFO 7528 --- [ost-startStop-1] o.s.b.c.embedded.FilterRegistrationBean  : Mapping filter: 'applicationContextIdFilter' to: [/*]
2015-08-07 11:45:34.186  INFO 7528 --- [ost-startStop-1] o.s.b.c.e.ServletRegistrationBean        : Mapping servlet: 'messageDispatcherServlet' to [/ws/*]
2015-08-07 11:45:34.186  INFO 7528 --- [ost-startStop-1] o.s.b.c.e.ServletRegistrationBean        : Mapping servlet: 'dispatcherServlet' to [/]
2015-08-07 11:45:34.216  INFO 7528 --- [    Test worker] c.t.w.s.repository.WeatherCitiesImpl     : Initialize supported cities
2015-08-07 11:45:34.216  INFO 7528 --- [    Test worker] o.s.oxm.jaxb.Jaxb2Marshaller             : Creating JAXBContext with context path [com.tieto.weather.model.soap]
2015-08-07 11:45:34.236  INFO 7528 --- [    Test worker] o.s.oxm.jaxb.Jaxb2Marshaller             : Creating JAXBContext with context path [com.tieto.weather.model.soap]
2015-08-07 11:45:34.266  INFO 7528 --- [    Test worker] o.s.ws.soap.saaj.SaajSoapMessageFactory  : Creating SAAJ 1.3 MessageFactory with SOAP 1.1 Protocol
2015-08-07 11:45:34.316  INFO 7528 --- [    Test worker] s.w.s.m.m.a.RequestMappingHandlerAdapter : Looking for @ControllerAdvice: org.springframework.boot.context.embedded.AnnotationConfigEmbeddedWebApplicationContext@567e4334: startup date [Fri Aug 07 11:45:32 EEST 2015]; root of context hierarchy
2015-08-07 11:45:34.316  INFO 7528 --- [    Test worker] s.w.s.m.m.a.RequestMappingHandlerAdapter : Detected ResponseBodyAdvice bean in org.springframework.boot.actuate.autoconfigure.EndpointWebMvcHypermediaManagementContextConfiguration$LinksConfiguration$MvcEndpointAdvice
2015-08-07 11:45:34.316  INFO 7528 --- [    Test worker] s.w.s.m.m.a.RequestMappingHandlerAdapter : Detected ResponseBodyAdvice bean in org.springframework.boot.actuate.autoconfigure.EndpointWebMvcHypermediaManagementContextConfiguration$LinksConfiguration$HomePageLinksAdvice
2015-08-07 11:45:34.326  INFO 7528 --- [    Test worker] s.w.s.m.m.a.RequestMappingHandlerMapping : Mapped "{[/weather],methods=[GET],produces=[application/json]}" onto public com.tieto.weather.model.rest.WeatherRESTResponse com.tieto.weather.rest.controller.WeatherController.getWeather()
2015-08-07 11:45:34.326  INFO 7528 --- [    Test worker] s.w.s.m.m.a.RequestMappingHandlerMapping : Mapped "{[/weather/rest/{city}],methods=[GET]}" onto public com.tieto.weather.model.rest.WeatherRESTResponse com.tieto.weather.rest.controller.WeatherController.getWeather(java.lang.String)
2015-08-07 11:45:34.326  INFO 7528 --- [    Test worker] s.w.s.m.m.a.RequestMappingHandlerMapping : Mapped "{[/error]}" onto public org.springframework.http.ResponseEntity<java.util.Map<java.lang.String, java.lang.Object>> org.springframework.boot.autoconfigure.web.BasicErrorController.error(javax.servlet.http.HttpServletRequest)
2015-08-07 11:45:34.326  INFO 7528 --- [    Test worker] s.w.s.m.m.a.RequestMappingHandlerMapping : Mapped "{[/error],produces=[text/html]}" onto public org.springframework.web.servlet.ModelAndView org.springframework.boot.autoconfigure.web.BasicErrorController.errorHtml(javax.servlet.http.HttpServletRequest)
2015-08-07 11:45:34.346  INFO 7528 --- [    Test worker] o.s.w.s.handler.SimpleUrlHandlerMapping  : Mapped URL path [/webjars/**] onto handler of type [class org.springframework.web.servlet.resource.ResourceHttpRequestHandler]
2015-08-07 11:45:34.346  INFO 7528 --- [    Test worker] o.s.w.s.handler.SimpleUrlHandlerMapping  : Mapped URL path [/**] onto handler of type [class org.springframework.web.servlet.resource.ResourceHttpRequestHandler]
2015-08-07 11:45:34.356  INFO 7528 --- [    Test worker] .m.m.a.ExceptionHandlerExceptionResolver : Detected ResponseBodyAdvice implementation in org.springframework.boot.actuate.autoconfigure.EndpointWebMvcHypermediaManagementContextConfiguration$LinksConfiguration$MvcEndpointAdvice
2015-08-07 11:45:34.356  INFO 7528 --- [    Test worker] .m.m.a.ExceptionHandlerExceptionResolver : Detected ResponseBodyAdvice implementation in org.springframework.boot.actuate.autoconfigure.EndpointWebMvcHypermediaManagementContextConfiguration$LinksConfiguration$HomePageLinksAdvice
2015-08-07 11:45:34.376  INFO 7528 --- [    Test worker] o.s.w.s.handler.SimpleUrlHandlerMapping  : Mapped URL path [/**/favicon.ico] onto handler of type [class org.springframework.web.servlet.resource.ResourceHttpRequestHandler]
2015-08-07 11:45:34.496  INFO 7528 --- [    Test worker] s.b.c.e.t.TomcatEmbeddedServletContainer : Tomcat started on port(s): 9999 (http)
2015-08-07 11:45:34.496  INFO 7528 --- [    Test worker] c.t.w.soap.endpoint.WeatherEndpointTest  : Started WeatherEndpointTest in 1.536 seconds (JVM running for 11.753)
2015-08-07 11:45:34.576  INFO 7528 --- [nio-9999-exec-1] o.a.c.c.C.[Tomcat].[localhost].[/]       : Initializing Spring FrameworkServlet 'messageDispatcherServlet'
2015-08-07 11:45:34.576  INFO 7528 --- [nio-9999-exec-1] o.s.w.t.http.MessageDispatcherServlet    : FrameworkServlet 'messageDispatcherServlet': initialization started
2015-08-07 11:45:34.586  INFO 7528 --- [nio-9999-exec-1] o.s.ws.soap.saaj.SaajSoapMessageFactory  : Creating SAAJ 1.3 MessageFactory with SOAP 1.1 Protocol
2015-08-07 11:45:34.586  INFO 7528 --- [nio-9999-exec-1] o.s.w.t.http.MessageDispatcherServlet    : FrameworkServlet 'messageDispatcherServlet': initialization completed in 10 ms
2015-08-07 11:45:34.626  INFO 7528 --- [nio-9999-exec-1] c.t.w.soap.endpoint.WeatherEndpoint      : SOAP Endpoint - got request
2015-08-07 11:45:34.626  INFO 7528 --- [nio-9999-exec-1] c.t.w.soap.endpoint.WeatherEndpoint      : SOAP Endpoint: Got 1 cities.
2015-08-07 11:45:34.626  INFO 7528 --- [nio-9999-exec-1] com.tieto.weather.service.WeatherTube    : WeatherTube found that LONDON is not supported or not cached. Trying to get observation external client.
2015-08-07 11:45:34.626  INFO 7528 --- [nio-9999-exec-1] c.t.w.client.WeatherUndergroundClient    : Trying to get data from external source for city - LONDON
2015-08-07 11:45:34.636 ERROR 7528 --- [nio-9999-exec-1] c.t.w.client.WeatherUndergroundClient    : External response has no observation data
2015-08-07 11:45:34.636  INFO 7528 --- [nio-9999-exec-1] c.t.w.tracker.WeatherTrackerAspect       : 'Advicing' LONDON city. Counting popularity.
2015-08-07 11:45:34.636  INFO 7528 --- [nio-9999-exec-1] c.t.w.tracker.WeatherTrackerAspect       : Counting LONDON popularity. Current count: 1. Left to become popular (if name is suitable, of course): 2
2015-08-07 11:45:34.636 ERROR 7528 --- [nio-9999-exec-1] com.tieto.weather.service.WeatherTube    : WeatherTube got error from external client: Response from external client returned no weather observation data
2015-08-07 11:45:34.686  INFO 7528 --- [nio-9999-exec-2] c.t.w.soap.endpoint.WeatherEndpoint      : SOAP Endpoint - got request
2015-08-07 11:45:34.686  INFO 7528 --- [nio-9999-exec-2] c.t.w.soap.endpoint.WeatherEndpoint      : SOAP Endpoint: Got 1 cities.
2015-08-07 11:45:34.686  INFO 7528 --- [nio-9999-exec-2] com.tieto.weather.service.WeatherTube    : WeatherTube found that VILNIUS is supported. Trying to get observation from cache.
2015-08-07 11:45:34.686  INFO 7528 --- [nio-9999-exec-2] com.tieto.weather.service.WeatherTube    : WeatherTube found that VILNIUS is not supported or not cached. Trying to get observation external client.
2015-08-07 11:45:34.686  INFO 7528 --- [nio-9999-exec-2] c.t.w.client.WeatherUndergroundClient    : Trying to get data from external source for city - VILNIUS
2015-08-07 11:45:34.696  INFO 7528 --- [nio-9999-exec-2] c.t.w.client.WeatherUndergroundClient    : External response was empty
2015-08-07 11:45:34.696 ERROR 7528 --- [nio-9999-exec-2] c.t.w.client.WeatherUndergroundClient    : Houston, errors found. Wunderground service error description='Response from external client returned no data'
2015-08-07 11:45:34.696  INFO 7528 --- [nio-9999-exec-2] c.t.w.tracker.WeatherTrackerAspect       : 'Advicing' VILNIUS city. Counting popularity.
2015-08-07 11:45:34.696 ERROR 7528 --- [nio-9999-exec-2] com.tieto.weather.service.WeatherTube    : WeatherTube got error from external client: Response from external client returned no data
2015-08-07 11:45:34.706  INFO 7528 --- [nio-9999-exec-3] c.t.w.soap.endpoint.WeatherEndpoint      : SOAP Endpoint - got request
2015-08-07 11:45:34.706  INFO 7528 --- [nio-9999-exec-3] c.t.w.soap.endpoint.WeatherEndpoint      : SOAP Endpoint: Got 1 cities.
2015-08-07 11:45:34.706  INFO 7528 --- [nio-9999-exec-3] com.tieto.weather.service.WeatherTube    : WeatherTube found that VILNIUS is supported. Trying to get observation from cache.
2015-08-07 11:45:34.706  INFO 7528 --- [nio-9999-exec-3] com.tieto.weather.service.WeatherTube    : WeatherTube found that VILNIUS is not supported or not cached. Trying to get observation external client.
2015-08-07 11:45:34.706  INFO 7528 --- [nio-9999-exec-3] c.t.w.client.WeatherUndergroundClient    : Trying to get data from external source for city - VILNIUS
2015-08-07 11:45:34.706  INFO 7528 --- [nio-9999-exec-3] c.t.w.tracker.WeatherTrackerAspect       : 'Advicing' VILNIUS city. Counting popularity.
2015-08-07 11:45:34.706  INFO 7528 --- [nio-9999-exec-3] com.tieto.weather.service.WeatherTube    : WeatherTube got weather observation from external client - weather - Clear
2015-08-07 11:45:34.726  INFO 7528 --- [nio-9999-exec-4] c.t.w.soap.endpoint.WeatherEndpoint      : SOAP Endpoint - got request
2015-08-07 11:45:34.726  INFO 7528 --- [nio-9999-exec-4] c.t.w.soap.endpoint.WeatherEndpoint      : SOAP Endpoint: Got 1 cities.
2015-08-07 11:45:34.726  INFO 7528 --- [nio-9999-exec-4] com.tieto.weather.service.WeatherTube    : WeatherTube found that BLIAMBA is not supported or not cached. Trying to get observation external client.
2015-08-07 11:45:34.726  INFO 7528 --- [nio-9999-exec-4] c.t.w.client.WeatherUndergroundClient    : Trying to get data from external source for city - BLIAMBA
2015-08-07 11:45:34.726 ERROR 7528 --- [nio-9999-exec-4] c.t.w.client.WeatherUndergroundClient    : Houston, errors found. Wunderground service error description='No cities match your search query'
2015-08-07 11:45:34.726  INFO 7528 --- [nio-9999-exec-4] c.t.w.tracker.WeatherTrackerAspect       : 'Advicing' BLIAMBA city. Counting popularity.
2015-08-07 11:45:34.726  INFO 7528 --- [nio-9999-exec-4] c.t.w.tracker.WeatherTrackerAspect       : Counting BLIAMBA popularity. Current count: 1. Left to become popular (if name is suitable, of course): 2
2015-08-07 11:45:34.726 ERROR 7528 --- [nio-9999-exec-4] com.tieto.weather.service.WeatherTube    : WeatherTube got error from external client: No cities match your search query
2015-08-07 11:45:34.736  INFO 7528 --- [    Test worker] ationConfigEmbeddedWebApplicationContext : Closing org.springframework.boot.context.embedded.AnnotationConfigEmbeddedWebApplicationContext@567e4334: startup date [Fri Aug 07 11:45:32 EEST 2015]; root of context hierarchy
]]></system-out>
  <system-err><![CDATA[]]></system-err>
</testsuite>
