<?xml version="1.0" encoding="UTF-8"?>
<testsuite name="com.tieto.weather.soap.endpoint.WeatherEndpointTest" tests="4" skipped="0" failures="0" errors="0" timestamp="2015-08-10T05:09:50" hostname="Pantera" time="0.638">
  <properties/>
  <testcase name="testGetWeatherStrangeCity" classname="com.tieto.weather.soap.endpoint.WeatherEndpointTest" time="0.119"/>
  <testcase name="testGetWeatherNoContent" classname="com.tieto.weather.soap.endpoint.WeatherEndpointTest" time="0.479"/>
  <testcase name="testGetWeatherNormal" classname="com.tieto.weather.soap.endpoint.WeatherEndpointTest" time="0.024"/>
  <testcase name="testGetWeatherBadCity" classname="com.tieto.weather.soap.endpoint.WeatherEndpointTest" time="0.013"/>
  <system-out><![CDATA[2015-08-10 08:09:49.223  INFO 5336 --- [    Test worker] o.s.t.c.web.WebTestContextBootstrapper   : Using TestExecutionListeners: [org.springframework.boot.test.IntegrationTestPropertiesListener@d829d43, org.springframework.test.context.support.DependencyInjectionTestExecutionListener@1b6d0d66, org.springframework.test.context.support.DirtiesContextTestExecutionListener@38256cd9, org.springframework.test.context.transaction.TransactionalTestExecutionListener@4c634ccd, org.springframework.test.context.jdbc.SqlScriptsTestExecutionListener@5592b887]

  .   ____          _            __ _ _
 /\\ / ___'_ __ _ _(_)_ __  __ _ \ \ \ \
( ( )\___ | '_ | '_| | '_ \/ _` | \ \ \ \
 \\/  ___)| |_)| | | | | || (_| |  ) ) ) )
  '  |____| .__|_| |_|_| |_\__, | / / / /
 =========|_|==============|___/=/_/_/_/
 :: Spring Boot ::             (v1.3.0.M2)

2015-08-10 08:09:49.247  INFO 5336 --- [    Test worker] c.t.w.soap.endpoint.WeatherEndpointTest  : Starting WeatherEndpointTest on Pantera with PID 5336 (D:\GitRepository\weather\build\classes\test started by Inspiron in D:\GitRepository\weather)
2015-08-10 08:09:49.250  INFO 5336 --- [    Test worker] ationConfigEmbeddedWebApplicationContext : Refreshing org.springframework.boot.context.embedded.AnnotationConfigEmbeddedWebApplicationContext@16e23c30: startup date [Mon Aug 10 08:09:49 EEST 2015]; root of context hierarchy
2015-08-10 08:09:49.618  INFO 5336 --- [    Test worker] o.s.b.f.s.DefaultListableBeanFactory     : Overriding bean definition for bean 'beanNameViewResolver' with a different definition: replacing [Root bean: class [null]; scope=; abstract=false; lazyInit=false; autowireMode=3; dependencyCheck=0; autowireCandidate=true; primary=false; factoryBeanName=org.springframework.boot.autoconfigure.web.ErrorMvcAutoConfiguration$WhitelabelErrorViewConfiguration; factoryMethodName=beanNameViewResolver; initMethodName=null; destroyMethodName=(inferred); defined in class path resource [org/springframework/boot/autoconfigure/web/ErrorMvcAutoConfiguration$WhitelabelErrorViewConfiguration.class]] with [Root bean: class [null]; scope=; abstract=false; lazyInit=false; autowireMode=3; dependencyCheck=0; autowireCandidate=true; primary=false; factoryBeanName=org.springframework.boot.autoconfigure.web.WebMvcAutoConfiguration$WebMvcAutoConfigurationAdapter; factoryMethodName=beanNameViewResolver; initMethodName=null; destroyMethodName=(inferred); defined in class path resource [org/springframework/boot/autoconfigure/web/WebMvcAutoConfiguration$WebMvcAutoConfigurationAdapter.class]]
2015-08-10 08:09:49.631  INFO 5336 --- [    Test worker] o.s.b.f.s.DefaultListableBeanFactory     : Overriding bean definition for bean 'ignoredPathsWebSecurityConfigurerAdapter' with a different definition: replacing [Root bean: class [null]; scope=; abstract=false; lazyInit=false; autowireMode=3; dependencyCheck=0; autowireCandidate=true; primary=false; factoryBeanName=org.springframework.boot.autoconfigure.security.SpringBootWebSecurityConfiguration; factoryMethodName=ignoredPathsWebSecurityConfigurerAdapter; initMethodName=null; destroyMethodName=(inferred); defined in class path resource [org/springframework/boot/autoconfigure/security/SpringBootWebSecurityConfiguration.class]] with [Root bean: class [null]; scope=; abstract=false; lazyInit=false; autowireMode=3; dependencyCheck=0; autowireCandidate=true; primary=false; factoryBeanName=org.springframework.boot.actuate.autoconfigure.ManagementSecurityAutoConfiguration; factoryMethodName=ignoredPathsWebSecurityConfigurerAdapter; initMethodName=null; destroyMethodName=(inferred); defined in class path resource [org/springframework/boot/actuate/autoconfigure/ManagementSecurityAutoConfiguration.class]]
2015-08-10 08:09:49.713  INFO 5336 --- [    Test worker] trationDelegate$BeanPostProcessorChecker : Bean 'weatherSOAPConfiguration' of type [class com.tieto.weather.configuration.WeatherSOAPConfiguration$$EnhancerBySpringCGLIB$$626f1556] is not eligible for getting processed by all BeanPostProcessors (for example: not eligible for auto-proxying)
2015-08-10 08:09:49.713  INFO 5336 --- [    Test worker] trationDelegate$BeanPostProcessorChecker : Bean 'org.springframework.ws.config.annotation.DelegatingWsConfiguration' of type [class org.springframework.ws.config.annotation.DelegatingWsConfiguration$$EnhancerBySpringCGLIB$$b2849617] is not eligible for getting processed by all BeanPostProcessors (for example: not eligible for auto-proxying)
2015-08-10 08:09:49.716  INFO 5336 --- [    Test worker] .w.s.a.s.AnnotationActionEndpointMapping : Supporting [WS-Addressing August 2004, WS-Addressing 1.0]
2015-08-10 08:09:49.743  INFO 5336 --- [    Test worker] trationDelegate$BeanPostProcessorChecker : Bean 'org.springframework.cache.annotation.ProxyCachingConfiguration' of type [class org.springframework.cache.annotation.ProxyCachingConfiguration$$EnhancerBySpringCGLIB$$2bf34f56] is not eligible for getting processed by all BeanPostProcessors (for example: not eligible for auto-proxying)
2015-08-10 08:09:49.750  INFO 5336 --- [    Test worker] trationDelegate$BeanPostProcessorChecker : Bean 'org.springframework.boot.autoconfigure.cache.CacheAutoConfiguration' of type [class org.springframework.boot.autoconfigure.cache.CacheAutoConfiguration$$EnhancerBySpringCGLIB$$661b4f7a] is not eligible for getting processed by all BeanPostProcessors (for example: not eligible for auto-proxying)
2015-08-10 08:09:49.764  INFO 5336 --- [    Test worker] trationDelegate$BeanPostProcessorChecker : Bean 'spring.cache.CONFIGURATION_PROPERTIES' of type [class org.springframework.boot.autoconfigure.cache.CacheProperties] is not eligible for getting processed by all BeanPostProcessors (for example: not eligible for auto-proxying)
2015-08-10 08:09:49.774  INFO 5336 --- [    Test worker] trationDelegate$BeanPostProcessorChecker : Bean 'org.springframework.boot.autoconfigure.cache.EhCacheCacheConfiguration' of type [class org.springframework.boot.autoconfigure.cache.EhCacheCacheConfiguration$$EnhancerBySpringCGLIB$$52bc54b8] is not eligible for getting processed by all BeanPostProcessors (for example: not eligible for auto-proxying)
2015-08-10 08:09:49.790  INFO 5336 --- [    Test worker] trationDelegate$BeanPostProcessorChecker : Bean 'ehCacheCacheManager' of type [class net.sf.ehcache.CacheManager] is not eligible for getting processed by all BeanPostProcessors (for example: not eligible for auto-proxying)
2015-08-10 08:09:49.791  INFO 5336 --- [    Test worker] trationDelegate$BeanPostProcessorChecker : Bean 'cacheManager' of type [class org.springframework.cache.ehcache.EhCacheCacheManager] is not eligible for getting processed by all BeanPostProcessors (for example: not eligible for auto-proxying)
2015-08-10 08:09:49.792  INFO 5336 --- [    Test worker] trationDelegate$BeanPostProcessorChecker : Bean 'cacheAutoConfigurationValidator' of type [class org.springframework.boot.autoconfigure.cache.CacheAutoConfiguration$CacheManagerValidator] is not eligible for getting processed by all BeanPostProcessors (for example: not eligible for auto-proxying)
2015-08-10 08:09:49.851  INFO 5336 --- [    Test worker] s.b.c.e.t.TomcatEmbeddedServletContainer : Tomcat initialized with port(s): 9999 (http)
2015-08-10 08:09:49.851  INFO 5336 --- [    Test worker] o.apache.catalina.core.StandardService   : Starting service Tomcat
2015-08-10 08:09:49.852  INFO 5336 --- [    Test worker] org.apache.catalina.core.StandardEngine  : Starting Servlet Engine: Apache Tomcat/8.0.23
2015-08-10 08:09:49.860  INFO 5336 --- [ost-startStop-1] o.a.c.c.C.[Tomcat].[localhost].[/]       : Initializing Spring embedded WebApplicationContext
2015-08-10 08:09:49.861  INFO 5336 --- [ost-startStop-1] o.s.web.context.ContextLoader            : Root WebApplicationContext: initialization completed in 612 ms
2015-08-10 08:09:50.338  INFO 5336 --- [ost-startStop-1] o.s.b.a.e.mvc.EndpointHandlerMapping     : Mapped "{[/health]}" onto public java.lang.Object org.springframework.boot.actuate.endpoint.mvc.HealthMvcEndpoint.invoke(java.security.Principal)
2015-08-10 08:09:50.339  INFO 5336 --- [ost-startStop-1] o.s.b.a.e.mvc.EndpointHandlerMapping     : Mapped "{[/configprops],methods=[GET]}" onto public java.lang.Object org.springframework.boot.actuate.endpoint.mvc.EndpointMvcAdapter.invoke()
2015-08-10 08:09:50.339  INFO 5336 --- [ost-startStop-1] o.s.b.a.e.mvc.EndpointHandlerMapping     : Mapped "{[/dump],methods=[GET]}" onto public java.lang.Object org.springframework.boot.actuate.endpoint.mvc.EndpointMvcAdapter.invoke()
2015-08-10 08:09:50.339  INFO 5336 --- [ost-startStop-1] o.s.b.a.e.mvc.EndpointHandlerMapping     : Mapped "{[/beans],methods=[GET]}" onto public java.lang.Object org.springframework.boot.actuate.endpoint.mvc.EndpointMvcAdapter.invoke()
2015-08-10 08:09:50.340  INFO 5336 --- [ost-startStop-1] o.s.b.a.e.mvc.EndpointHandlerMapping     : Mapped "{[/metrics/{name:.*}],methods=[GET]}" onto public java.lang.Object org.springframework.boot.actuate.endpoint.mvc.MetricsMvcEndpoint.value(java.lang.String)
2015-08-10 08:09:50.340  INFO 5336 --- [ost-startStop-1] o.s.b.a.e.mvc.EndpointHandlerMapping     : Mapped "{[/metrics],methods=[GET]}" onto public java.lang.Object org.springframework.boot.actuate.endpoint.mvc.EndpointMvcAdapter.invoke()
2015-08-10 08:09:50.340  INFO 5336 --- [ost-startStop-1] o.s.b.a.e.mvc.EndpointHandlerMapping     : Mapped "{[/trace],methods=[GET]}" onto public java.lang.Object org.springframework.boot.actuate.endpoint.mvc.EndpointMvcAdapter.invoke()
2015-08-10 08:09:50.340  INFO 5336 --- [ost-startStop-1] o.s.b.a.e.mvc.EndpointHandlerMapping     : Mapped "{[/autoconfig],methods=[GET]}" onto public java.lang.Object org.springframework.boot.actuate.endpoint.mvc.EndpointMvcAdapter.invoke()
2015-08-10 08:09:50.341  INFO 5336 --- [ost-startStop-1] o.s.b.a.e.mvc.EndpointHandlerMapping     : Mapped "{[/mappings],methods=[GET]}" onto public java.lang.Object org.springframework.boot.actuate.endpoint.mvc.EndpointMvcAdapter.invoke()
2015-08-10 08:09:50.341  INFO 5336 --- [ost-startStop-1] o.s.b.a.e.mvc.EndpointHandlerMapping     : Mapped "{[/env/{name:.*}],methods=[GET]}" onto public java.lang.Object org.springframework.boot.actuate.endpoint.mvc.EnvironmentMvcEndpoint.value(java.lang.String)
2015-08-10 08:09:50.341  INFO 5336 --- [ost-startStop-1] o.s.b.a.e.mvc.EndpointHandlerMapping     : Mapped "{[/env],methods=[GET]}" onto public java.lang.Object org.springframework.boot.actuate.endpoint.mvc.EndpointMvcAdapter.invoke()
2015-08-10 08:09:50.342  INFO 5336 --- [ost-startStop-1] o.s.b.a.e.mvc.EndpointHandlerMapping     : Mapped "{[/info],methods=[GET]}" onto public java.lang.Object org.springframework.boot.actuate.endpoint.mvc.EndpointMvcAdapter.invoke()
2015-08-10 08:09:50.413  INFO 5336 --- [ost-startStop-1] o.s.s.web.DefaultSecurityFilterChain     : Creating filter chain: Ant [pattern='/css/**'], []
2015-08-10 08:09:50.413  INFO 5336 --- [ost-startStop-1] o.s.s.web.DefaultSecurityFilterChain     : Creating filter chain: Ant [pattern='/js/**'], []
2015-08-10 08:09:50.413  INFO 5336 --- [ost-startStop-1] o.s.s.web.DefaultSecurityFilterChain     : Creating filter chain: Ant [pattern='/images/**'], []
2015-08-10 08:09:50.413  INFO 5336 --- [ost-startStop-1] o.s.s.web.DefaultSecurityFilterChain     : Creating filter chain: Ant [pattern='/**/favicon.ico'], []
2015-08-10 08:09:50.413  INFO 5336 --- [ost-startStop-1] o.s.s.web.DefaultSecurityFilterChain     : Creating filter chain: Ant [pattern='/error'], []
2015-08-10 08:09:50.449  INFO 5336 --- [ost-startStop-1] o.s.s.web.DefaultSecurityFilterChain     : Creating filter chain: org.springframework.boot.actuate.autoconfigure.ManagementSecurityAutoConfiguration$ManagementWebSecurityConfigurerAdapter$EndpointPathRequestMatcher@6620290c, [org.springframework.security.web.context.request.async.WebAsyncManagerIntegrationFilter@16ed4ee8, org.springframework.security.web.context.SecurityContextPersistenceFilter@3c9526bf, org.springframework.security.web.header.HeaderWriterFilter@631c276d, org.springframework.security.web.authentication.logout.LogoutFilter@6a337cf6, org.springframework.security.web.authentication.www.BasicAuthenticationFilter@4f0693c9, org.springframework.security.web.savedrequest.RequestCacheAwareFilter@649311b0, org.springframework.security.web.servletapi.SecurityContextHolderAwareRequestFilter@66366500, org.springframework.security.web.authentication.AnonymousAuthenticationFilter@12be8e61, org.springframework.security.web.session.SessionManagementFilter@4fe87c2c, org.springframework.security.web.access.ExceptionTranslationFilter@136966e3, org.springframework.security.web.access.intercept.FilterSecurityInterceptor@68bd8d51]
2015-08-10 08:09:50.452  INFO 5336 --- [ost-startStop-1] o.s.s.web.DefaultSecurityFilterChain     : Creating filter chain: OrRequestMatcher [requestMatchers=[Ant [pattern='/**']]], [org.springframework.security.web.context.request.async.WebAsyncManagerIntegrationFilter@43d052e, org.springframework.security.web.context.SecurityContextPersistenceFilter@424bae00, org.springframework.security.web.header.HeaderWriterFilter@5bbbd3fc, org.springframework.security.web.authentication.logout.LogoutFilter@2d30e015, org.springframework.security.web.authentication.www.BasicAuthenticationFilter@3214701d, org.springframework.security.web.savedrequest.RequestCacheAwareFilter@24d8d8c3, org.springframework.security.web.servletapi.SecurityContextHolderAwareRequestFilter@21f9cb97, org.springframework.security.web.authentication.AnonymousAuthenticationFilter@1102e7bd, org.springframework.security.web.session.SessionManagementFilter@36575257, org.springframework.security.web.access.ExceptionTranslationFilter@aed8301, org.springframework.security.web.access.intercept.FilterSecurityInterceptor@15381b0c]
2015-08-10 08:09:50.508  INFO 5336 --- [ost-startStop-1] o.s.b.c.embedded.FilterRegistrationBean  : Mapping filter: 'metricFilter' to: [/*]
2015-08-10 08:09:50.508  INFO 5336 --- [ost-startStop-1] o.s.b.c.embedded.FilterRegistrationBean  : Mapping filter: 'characterEncodingFilter' to: [/*]
2015-08-10 08:09:50.509  INFO 5336 --- [ost-startStop-1] o.s.b.c.embedded.FilterRegistrationBean  : Mapping filter: 'hiddenHttpMethodFilter' to: [/*]
2015-08-10 08:09:50.509  INFO 5336 --- [ost-startStop-1] o.s.b.c.embedded.FilterRegistrationBean  : Mapping filter: 'springSecurityFilterChain' to: [/*]
2015-08-10 08:09:50.509  INFO 5336 --- [ost-startStop-1] o.s.b.c.embedded.FilterRegistrationBean  : Mapping filter: 'webRequestLoggingFilter' to: [/*]
2015-08-10 08:09:50.509  INFO 5336 --- [ost-startStop-1] o.s.b.c.embedded.FilterRegistrationBean  : Mapping filter: 'applicationContextIdFilter' to: [/*]
2015-08-10 08:09:50.509  INFO 5336 --- [ost-startStop-1] o.s.b.c.e.ServletRegistrationBean        : Mapping servlet: 'messageDispatcherServlet' to [/ws/*]
2015-08-10 08:09:50.509  INFO 5336 --- [ost-startStop-1] o.s.b.c.e.ServletRegistrationBean        : Mapping servlet: 'dispatcherServlet' to [/]
2015-08-10 08:09:50.533  INFO 5336 --- [    Test worker] c.t.w.s.repository.WeatherCitiesImpl     : Initialize supported cities
2015-08-10 08:09:50.538  INFO 5336 --- [    Test worker] o.s.oxm.jaxb.Jaxb2Marshaller             : Creating JAXBContext with context path [com.tieto.weather.model.soap]
2015-08-10 08:09:50.566  INFO 5336 --- [    Test worker] o.s.ws.soap.saaj.SaajSoapMessageFactory  : Creating SAAJ 1.3 MessageFactory with SOAP 1.1 Protocol
2015-08-10 08:09:50.624  INFO 5336 --- [    Test worker] s.w.s.m.m.a.RequestMappingHandlerAdapter : Looking for @ControllerAdvice: org.springframework.boot.context.embedded.AnnotationConfigEmbeddedWebApplicationContext@16e23c30: startup date [Mon Aug 10 08:09:49 EEST 2015]; root of context hierarchy
2015-08-10 08:09:50.632  INFO 5336 --- [    Test worker] s.w.s.m.m.a.RequestMappingHandlerMapping : Mapped "{[/weather],methods=[GET],produces=[application/json]}" onto public com.tieto.weather.model.rest.WeatherRESTResponse com.tieto.weather.rest.controller.WeatherController.getWeather()
2015-08-10 08:09:50.632  INFO 5336 --- [    Test worker] s.w.s.m.m.a.RequestMappingHandlerMapping : Mapped "{[/weather/rest/{city}],methods=[GET]}" onto public com.tieto.weather.model.rest.WeatherRESTResponse com.tieto.weather.rest.controller.WeatherController.getWeather(java.lang.String)
2015-08-10 08:09:50.633  INFO 5336 --- [    Test worker] s.w.s.m.m.a.RequestMappingHandlerMapping : Mapped "{[/error]}" onto public org.springframework.http.ResponseEntity<java.util.Map<java.lang.String, java.lang.Object>> org.springframework.boot.autoconfigure.web.BasicErrorController.error(javax.servlet.http.HttpServletRequest)
2015-08-10 08:09:50.634  INFO 5336 --- [    Test worker] s.w.s.m.m.a.RequestMappingHandlerMapping : Mapped "{[/error],produces=[text/html]}" onto public org.springframework.web.servlet.ModelAndView org.springframework.boot.autoconfigure.web.BasicErrorController.errorHtml(javax.servlet.http.HttpServletRequest)
2015-08-10 08:09:50.650  INFO 5336 --- [    Test worker] o.s.w.s.handler.SimpleUrlHandlerMapping  : Mapped URL path [/webjars/**] onto handler of type [class org.springframework.web.servlet.resource.ResourceHttpRequestHandler]
2015-08-10 08:09:50.651  INFO 5336 --- [    Test worker] o.s.w.s.handler.SimpleUrlHandlerMapping  : Mapped URL path [/**] onto handler of type [class org.springframework.web.servlet.resource.ResourceHttpRequestHandler]
2015-08-10 08:09:50.676  INFO 5336 --- [    Test worker] o.s.w.s.handler.SimpleUrlHandlerMapping  : Mapped URL path [/**/favicon.ico] onto handler of type [class org.springframework.web.servlet.resource.ResourceHttpRequestHandler]
2015-08-10 08:09:50.752  INFO 5336 --- [    Test worker] s.b.c.e.t.TomcatEmbeddedServletContainer : Tomcat started on port(s): 9999 (http)
2015-08-10 08:09:50.755  INFO 5336 --- [    Test worker] c.t.w.soap.endpoint.WeatherEndpointTest  : Started WeatherEndpointTest in 1.527 seconds (JVM running for 13.631)
2015-08-10 08:09:50.813  INFO 5336 --- [nio-9999-exec-1] o.a.c.c.C.[Tomcat].[localhost].[/]       : Initializing Spring FrameworkServlet 'messageDispatcherServlet'
2015-08-10 08:09:50.813  INFO 5336 --- [nio-9999-exec-1] o.s.w.t.http.MessageDispatcherServlet    : FrameworkServlet 'messageDispatcherServlet': initialization started
2015-08-10 08:09:50.814  INFO 5336 --- [nio-9999-exec-1] o.s.ws.soap.saaj.SaajSoapMessageFactory  : Creating SAAJ 1.3 MessageFactory with SOAP 1.1 Protocol
2015-08-10 08:09:50.821  INFO 5336 --- [nio-9999-exec-1] o.s.w.t.http.MessageDispatcherServlet    : FrameworkServlet 'messageDispatcherServlet': initialization completed in 8 ms
2015-08-10 08:09:50.848  INFO 5336 --- [nio-9999-exec-1] c.t.w.soap.endpoint.WeatherEndpoint      : SOAP Endpoint - got request
2015-08-10 08:09:50.848  INFO 5336 --- [nio-9999-exec-1] c.t.w.soap.endpoint.WeatherEndpoint      : SOAP Endpoint: Got 1 cities.
2015-08-10 08:09:50.848  INFO 5336 --- [nio-9999-exec-1] com.tieto.weather.service.WeatherTube    : WeatherTube found that LONDON is not supported or not cached. Trying to get observation external client.
2015-08-10 08:09:50.849  INFO 5336 --- [nio-9999-exec-1] c.t.w.client.WeatherUndergroundClient    : Trying to get data from external source for city - LONDON
2015-08-10 08:09:50.852 ERROR 5336 --- [nio-9999-exec-1] c.t.w.client.WeatherUndergroundClient    : External response has no observation data
2015-08-10 08:09:50.852  INFO 5336 --- [nio-9999-exec-1] c.t.w.tracker.WeatherTrackerAspect       : 'Advicing' LONDON city. Counting popularity.
2015-08-10 08:09:50.852  INFO 5336 --- [nio-9999-exec-1] c.t.w.tracker.WeatherTrackerAspect       : Counting LONDON popularity. Current count: 1. Left to become popular (if name is suitable, of course): 2
2015-08-10 08:09:50.852 ERROR 5336 --- [nio-9999-exec-1] com.tieto.weather.service.WeatherTube    : WeatherTube got error from external client: Response from external client returned no weather observation data
2015-08-10 08:09:51.346  INFO 5336 --- [nio-9999-exec-2] c.t.w.soap.endpoint.WeatherEndpoint      : SOAP Endpoint - got request
2015-08-10 08:09:51.347  INFO 5336 --- [nio-9999-exec-2] c.t.w.soap.endpoint.WeatherEndpoint      : SOAP Endpoint: Got 1 cities.
2015-08-10 08:09:51.347  INFO 5336 --- [nio-9999-exec-2] com.tieto.weather.service.WeatherTube    : WeatherTube found that VILNIUS is supported. Trying to get observation from cache.
2015-08-10 08:09:51.348  INFO 5336 --- [nio-9999-exec-2] com.tieto.weather.service.WeatherTube    : WeatherTube found that VILNIUS is not supported or not cached. Trying to get observation external client.
2015-08-10 08:09:51.348  INFO 5336 --- [nio-9999-exec-2] c.t.w.client.WeatherUndergroundClient    : Trying to get data from external source for city - VILNIUS
2015-08-10 08:09:51.348  INFO 5336 --- [nio-9999-exec-2] c.t.w.client.WeatherUndergroundClient    : External response was empty
2015-08-10 08:09:51.348 ERROR 5336 --- [nio-9999-exec-2] c.t.w.client.WeatherUndergroundClient    : Houston, errors found. Wunderground service error description='Response from external client returned no data'
2015-08-10 08:09:51.348  INFO 5336 --- [nio-9999-exec-2] c.t.w.tracker.WeatherTrackerAspect       : 'Advicing' VILNIUS city. Counting popularity.
2015-08-10 08:09:51.348 ERROR 5336 --- [nio-9999-exec-2] com.tieto.weather.service.WeatherTube    : WeatherTube got error from external client: Response from external client returned no data
2015-08-10 08:09:51.372  INFO 5336 --- [nio-9999-exec-3] c.t.w.soap.endpoint.WeatherEndpoint      : SOAP Endpoint - got request
2015-08-10 08:09:51.373  INFO 5336 --- [nio-9999-exec-3] c.t.w.soap.endpoint.WeatherEndpoint      : SOAP Endpoint: Got 1 cities.
2015-08-10 08:09:51.373  INFO 5336 --- [nio-9999-exec-3] com.tieto.weather.service.WeatherTube    : WeatherTube found that VILNIUS is supported. Trying to get observation from cache.
2015-08-10 08:09:51.373  INFO 5336 --- [nio-9999-exec-3] com.tieto.weather.service.WeatherTube    : WeatherTube found that VILNIUS is not supported or not cached. Trying to get observation external client.
2015-08-10 08:09:51.373  INFO 5336 --- [nio-9999-exec-3] c.t.w.client.WeatherUndergroundClient    : Trying to get data from external source for city - VILNIUS
2015-08-10 08:09:51.374  INFO 5336 --- [nio-9999-exec-3] c.t.w.tracker.WeatherTrackerAspect       : 'Advicing' VILNIUS city. Counting popularity.
2015-08-10 08:09:51.374  INFO 5336 --- [nio-9999-exec-3] com.tieto.weather.service.WeatherTube    : WeatherTube got weather observation from external client - weather - Clear
2015-08-10 08:09:51.389  INFO 5336 --- [nio-9999-exec-4] c.t.w.soap.endpoint.WeatherEndpoint      : SOAP Endpoint - got request
2015-08-10 08:09:51.389  INFO 5336 --- [nio-9999-exec-4] c.t.w.soap.endpoint.WeatherEndpoint      : SOAP Endpoint: Got 1 cities.
2015-08-10 08:09:51.389  INFO 5336 --- [nio-9999-exec-4] com.tieto.weather.service.WeatherTube    : WeatherTube found that BLIAMBA is not supported or not cached. Trying to get observation external client.
2015-08-10 08:09:51.389  INFO 5336 --- [nio-9999-exec-4] c.t.w.client.WeatherUndergroundClient    : Trying to get data from external source for city - BLIAMBA
2015-08-10 08:09:51.390 ERROR 5336 --- [nio-9999-exec-4] c.t.w.client.WeatherUndergroundClient    : Houston, errors found. Wunderground service error description='No cities match your search query'
2015-08-10 08:09:51.391  INFO 5336 --- [nio-9999-exec-4] c.t.w.tracker.WeatherTrackerAspect       : 'Advicing' BLIAMBA city. Counting popularity.
2015-08-10 08:09:51.391  INFO 5336 --- [nio-9999-exec-4] c.t.w.tracker.WeatherTrackerAspect       : Counting BLIAMBA popularity. Current count: 1. Left to become popular (if name is suitable, of course): 2
2015-08-10 08:09:51.391 ERROR 5336 --- [nio-9999-exec-4] com.tieto.weather.service.WeatherTube    : WeatherTube got error from external client: No cities match your search query
2015-08-10 08:09:51.397  INFO 5336 --- [    Test worker] ationConfigEmbeddedWebApplicationContext : Closing org.springframework.boot.context.embedded.AnnotationConfigEmbeddedWebApplicationContext@16e23c30: startup date [Mon Aug 10 08:09:49 EEST 2015]; root of context hierarchy
]]></system-out>
  <system-err><![CDATA[]]></system-err>
</testsuite>
