<?xml version="1.0" encoding="UTF-8"?>
<testsuite name="com.tieto.weather.service.repository.WeatherCitiesImplTest" tests="2" skipped="0" failures="0" errors="0" timestamp="2015-08-10T05:09:49" hostname="Pantera" time="0.002">
  <properties/>
  <testcase name="testIsCitySupported" classname="com.tieto.weather.service.repository.WeatherCitiesImplTest" time="0.001"/>
  <testcase name="testCountPopularity" classname="com.tieto.weather.service.repository.WeatherCitiesImplTest" time="0.0"/>
  <system-out><![CDATA[2015-08-10 08:09:48.683  INFO 5336 --- [    Test worker] o.s.t.c.s.DefaultTestContextBootstrapper : Loaded default TestExecutionListener class names from location [META-INF/spring.factories]: [org.springframework.test.context.web.ServletTestExecutionListener, org.springframework.test.context.support.DependencyInjectionTestExecutionListener, org.springframework.test.context.support.DirtiesContextTestExecutionListener, org.springframework.test.context.transaction.TransactionalTestExecutionListener, org.springframework.test.context.jdbc.SqlScriptsTestExecutionListener]
2015-08-10 08:09:48.683  INFO 5336 --- [    Test worker] o.s.t.c.s.DefaultTestContextBootstrapper : Using TestExecutionListeners: [org.springframework.test.context.web.ServletTestExecutionListener@16665e8f, org.springframework.test.context.support.DependencyInjectionTestExecutionListener@29bfbedc, org.springframework.test.context.support.DirtiesContextTestExecutionListener@47437227, org.springframework.test.context.transaction.TransactionalTestExecutionListener@1c8e57f8, org.springframework.test.context.jdbc.SqlScriptsTestExecutionListener@3838f0c0]

  .   ____          _            __ _ _
 /\\ / ___'_ __ _ _(_)_ __  __ _ \ \ \ \
( ( )\___ | '_ | '_| | '_ \/ _` | \ \ \ \
 \\/  ___)| |_)| | | | | || (_| |  ) ) ) )
  '  |____| .__|_| |_|_| |_\__, | / / / /
 =========|_|==============|___/=/_/_/_/
 :: Spring Boot ::             (v1.3.0.M2)

2015-08-10 08:09:48.704  INFO 5336 --- [    Test worker] c.t.w.s.r.WeatherCitiesImplTest          : Starting WeatherCitiesImplTest on Pantera with PID 5336 (D:\GitRepository\weather\build\classes\test started by Inspiron in D:\GitRepository\weather)
2015-08-10 08:09:48.705  INFO 5336 --- [    Test worker] s.c.a.AnnotationConfigApplicationContext : Refreshing org.springframework.context.annotation.AnnotationConfigApplicationContext@70f77d8d: startup date [Mon Aug 10 08:09:48 EEST 2015]; root of context hierarchy
2015-08-10 08:09:48.969  INFO 5336 --- [    Test worker] trationDelegate$BeanPostProcessorChecker : Bean 'weatherSOAPConfiguration' of type [class com.tieto.weather.configuration.WeatherSOAPConfiguration$$EnhancerBySpringCGLIB$$626f1556] is not eligible for getting processed by all BeanPostProcessors (for example: not eligible for auto-proxying)
2015-08-10 08:09:48.970  INFO 5336 --- [    Test worker] trationDelegate$BeanPostProcessorChecker : Bean 'org.springframework.ws.config.annotation.DelegatingWsConfiguration' of type [class org.springframework.ws.config.annotation.DelegatingWsConfiguration$$EnhancerBySpringCGLIB$$b2849617] is not eligible for getting processed by all BeanPostProcessors (for example: not eligible for auto-proxying)
2015-08-10 08:09:48.972  INFO 5336 --- [    Test worker] .w.s.a.s.AnnotationActionEndpointMapping : Supporting [WS-Addressing August 2004, WS-Addressing 1.0]
2015-08-10 08:09:49.016  INFO 5336 --- [    Test worker] c.t.w.s.repository.WeatherCitiesImpl     : Initialize supported cities
2015-08-10 08:09:49.020  INFO 5336 --- [    Test worker] o.s.oxm.jaxb.Jaxb2Marshaller             : Creating JAXBContext with context path [com.tieto.weather.model.soap]
2015-08-10 08:09:49.047  INFO 5336 --- [    Test worker] o.s.ws.soap.saaj.SaajSoapMessageFactory  : Creating SAAJ 1.3 MessageFactory with SOAP 1.1 Protocol
2015-08-10 08:09:49.212  INFO 5336 --- [    Test worker] c.t.w.s.r.WeatherCitiesImplTest          : Started WeatherCitiesImplTest in 0.525 seconds (JVM running for 12.088)
2015-08-10 08:09:49.216  INFO 5336 --- [    Test worker] s.c.a.AnnotationConfigApplicationContext : Closing org.springframework.context.annotation.AnnotationConfigApplicationContext@70f77d8d: startup date [Mon Aug 10 08:09:48 EEST 2015]; root of context hierarchy
]]></system-out>
  <system-err><![CDATA[]]></system-err>
</testsuite>
